[2019-03-16T23:46:56.202] [INFO] access - ::1 - - "POST /api/v1/user/login HTTP/1.1" 200 294 "http://localhost:8080/login" "Mozilla/5.0 (Windows NT 10.0; Win64; x64) AppleWebKit/537.36 (KHTML, like Gecko) Chrome/72.0.3626.121 Safari/537.36"
[2019-03-16T23:46:56.619] [INFO] access - ::1 - - "GET /api/v1/user/info HTTP/1.1" 200 114 "http://localhost:8080/user/index" "Mozilla/5.0 (Windows NT 10.0; Win64; x64) AppleWebKit/537.36 (KHTML, like Gecko) Chrome/72.0.3626.121 Safari/537.36"
[2019-03-16T23:46:59.456] [INFO] access - ::1 - - "GET /api/v1/user/adminlist HTTP/1.1" 200 2565 "http://localhost:8080/user/admin" "Mozilla/5.0 (Windows NT 10.0; Win64; x64) AppleWebKit/537.36 (KHTML, like Gecko) Chrome/72.0.3626.121 Safari/537.36"
[2019-03-16T23:47:01.514] [INFO] access - ::1 - - "GET /api/v1/user/list HTTP/1.1" 200 2122 "http://localhost:8080/user/user" "Mozilla/5.0 (Windows NT 10.0; Win64; x64) AppleWebKit/537.36 (KHTML, like Gecko) Chrome/72.0.3626.121 Safari/537.36"
[2019-03-16T23:47:02.515] [INFO] access - ::1 - - "GET /api/v1/user/adminlist HTTP/1.1" 200 2565 "http://localhost:8080/user/admin" "Mozilla/5.0 (Windows NT 10.0; Win64; x64) AppleWebKit/537.36 (KHTML, like Gecko) Chrome/72.0.3626.121 Safari/537.36"
[2019-03-16T23:47:04.942] [INFO] access - ::1 - - "GET /api/v1/user/list HTTP/1.1" 200 2122 "http://localhost:8080/user/user" "Mozilla/5.0 (Windows NT 10.0; Win64; x64) AppleWebKit/537.36 (KHTML, like Gecko) Chrome/72.0.3626.121 Safari/537.36"
[2019-03-16T23:48:34.024] [INFO] access - ::1 - - "GET /api/v1/user/adminlist HTTP/1.1" 200 2565 "http://localhost:8080/user/admin" "Mozilla/5.0 (Windows NT 10.0; Win64; x64) AppleWebKit/537.36 (KHTML, like Gecko) Chrome/72.0.3626.121 Safari/537.36"
[2019-03-16T23:48:43.993] [INFO] access - ::1 - - "GET /api/v1/article/list HTTP/1.1" 200 542 "http://localhost:8080/article/list" "Mozilla/5.0 (Windows NT 10.0; Win64; x64) AppleWebKit/537.36 (KHTML, like Gecko) Chrome/72.0.3626.121 Safari/537.36"
[2019-03-16T23:48:54.655] [INFO] access - ::1 - - "GET /api/v1/category/list/0 HTTP/1.1" 200 254 "http://localhost:8080/category/list" "Mozilla/5.0 (Windows NT 10.0; Win64; x64) AppleWebKit/537.36 (KHTML, like Gecko) Chrome/72.0.3626.121 Safari/537.36"
[2019-03-16T23:48:54.655] [INFO] access - ::1 - - "GET /api/v1/category/list HTTP/1.1" 200 461 "http://localhost:8080/category/list" "Mozilla/5.0 (Windows NT 10.0; Win64; x64) AppleWebKit/537.36 (KHTML, like Gecko) Chrome/72.0.3626.121 Safari/537.36"
[2019-03-16T23:48:56.671] [INFO] access - ::1 - - "GET /api/v1/category/list HTTP/1.1" 200 461 "http://localhost:8080/category/list" "Mozilla/5.0 (Windows NT 10.0; Win64; x64) AppleWebKit/537.36 (KHTML, like Gecko) Chrome/72.0.3626.121 Safari/537.36"
[2019-03-16T23:48:56.672] [INFO] access - ::1 - - "GET /api/v1/category/list/0 HTTP/1.1" 200 254 "http://localhost:8080/category/list" "Mozilla/5.0 (Windows NT 10.0; Win64; x64) AppleWebKit/537.36 (KHTML, like Gecko) Chrome/72.0.3626.121 Safari/537.36"
[2019-03-16T23:48:58.289] [INFO] access - ::1 - - "GET /api/v1/category/list HTTP/1.1" 200 461 "http://localhost:8080/category/list" "Mozilla/5.0 (Windows NT 10.0; Win64; x64) AppleWebKit/537.36 (KHTML, like Gecko) Chrome/72.0.3626.121 Safari/537.36"
[2019-03-16T23:48:58.290] [INFO] access - ::1 - - "GET /api/v1/category/list/0 HTTP/1.1" 200 254 "http://localhost:8080/category/list" "Mozilla/5.0 (Windows NT 10.0; Win64; x64) AppleWebKit/537.36 (KHTML, like Gecko) Chrome/72.0.3626.121 Safari/537.36"
[2019-03-16T23:49:43.236] [INFO] access - ::1 - - "GET /api/v1/user/list HTTP/1.1" 200 2122 "http://localhost:8080/product/list" "Mozilla/5.0 (Windows NT 10.0; Win64; x64) AppleWebKit/537.36 (KHTML, like Gecko) Chrome/72.0.3626.121 Safari/537.36"
[2019-03-16T23:49:43.952] [INFO] access - ::1 - - "GET /api/v1/user/adminlist HTTP/1.1" 200 2565 "http://localhost:8080/product/spec" "Mozilla/5.0 (Windows NT 10.0; Win64; x64) AppleWebKit/537.36 (KHTML, like Gecko) Chrome/72.0.3626.121 Safari/537.36"
[2019-03-16T23:49:44.779] [INFO] access - ::1 - - "GET /api/v1/user/list HTTP/1.1" 200 2122 "http://localhost:8080/product/list" "Mozilla/5.0 (Windows NT 10.0; Win64; x64) AppleWebKit/537.36 (KHTML, like Gecko) Chrome/72.0.3626.121 Safari/537.36"
[2019-03-16T23:50:58.809] [INFO] access - ::1 - - "GET /api/v1/user/list HTTP/1.1" 200 2122 "http://localhost:8080/picture/list" "Mozilla/5.0 (Windows NT 10.0; Win64; x64) AppleWebKit/537.36 (KHTML, like Gecko) Chrome/72.0.3626.121 Safari/537.36"
[2019-03-16T23:51:02.931] [INFO] access - ::1 - - "GET /api/v1/user/list HTTP/1.1" 200 2122 "http://localhost:8080/picture/list" "Mozilla/5.0 (Windows NT 10.0; Win64; x64) AppleWebKit/537.36 (KHTML, like Gecko) Chrome/72.0.3626.121 Safari/537.36"
[2019-03-16T23:51:04.922] [INFO] access - ::1 - - "GET /api/v1/user/list HTTP/1.1" 200 2122 "http://localhost:8080/product/list" "Mozilla/5.0 (Windows NT 10.0; Win64; x64) AppleWebKit/537.36 (KHTML, like Gecko) Chrome/72.0.3626.121 Safari/537.36"
[2019-03-16T23:51:05.588] [INFO] access - ::1 - - "GET /api/v1/user/adminlist HTTP/1.1" 200 2565 "http://localhost:8080/product/spec" "Mozilla/5.0 (Windows NT 10.0; Win64; x64) AppleWebKit/537.36 (KHTML, like Gecko) Chrome/72.0.3626.121 Safari/537.36"
[2019-03-16T23:51:06.091] [INFO] access - ::1 - - "GET /api/v1/user/list HTTP/1.1" 200 2122 "http://localhost:8080/product/list" "Mozilla/5.0 (Windows NT 10.0; Win64; x64) AppleWebKit/537.36 (KHTML, like Gecko) Chrome/72.0.3626.121 Safari/537.36"
[2019-03-16T23:51:06.994] [INFO] access - ::1 - - "GET /api/v1/user/adminlist HTTP/1.1" 200 2565 "http://localhost:8080/product/spec" "Mozilla/5.0 (Windows NT 10.0; Win64; x64) AppleWebKit/537.36 (KHTML, like Gecko) Chrome/72.0.3626.121 Safari/537.36"
[2019-03-16T23:51:17.800] [INFO] access - ::1 - - "GET /api/v1/category/list HTTP/1.1" 200 461 "http://localhost:8080/category/list" "Mozilla/5.0 (Windows NT 10.0; Win64; x64) AppleWebKit/537.36 (KHTML, like Gecko) Chrome/72.0.3626.121 Safari/537.36"
[2019-03-16T23:51:17.801] [INFO] access - ::1 - - "GET /api/v1/category/list/0 HTTP/1.1" 200 254 "http://localhost:8080/category/list" "Mozilla/5.0 (Windows NT 10.0; Win64; x64) AppleWebKit/537.36 (KHTML, like Gecko) Chrome/72.0.3626.121 Safari/537.36"
[2019-03-16T23:51:19.982] [INFO] access - ::1 - - "GET /api/v1/category/list HTTP/1.1" 200 461 "http://localhost:8080/category/list" "Mozilla/5.0 (Windows NT 10.0; Win64; x64) AppleWebKit/537.36 (KHTML, like Gecko) Chrome/72.0.3626.121 Safari/537.36"
[2019-03-16T23:51:19.983] [INFO] access - ::1 - - "GET /api/v1/category/list/0 HTTP/1.1" 200 254 "http://localhost:8080/category/list" "Mozilla/5.0 (Windows NT 10.0; Win64; x64) AppleWebKit/537.36 (KHTML, like Gecko) Chrome/72.0.3626.121 Safari/537.36"
[2019-03-16T23:51:32.771] [INFO] access - ::1 - - "GET /api/v1/user/list HTTP/1.1" 200 2122 "http://localhost:8080/product/list" "Mozilla/5.0 (Windows NT 10.0; Win64; x64) AppleWebKit/537.36 (KHTML, like Gecko) Chrome/72.0.3626.121 Safari/537.36"
[2019-03-16T23:51:33.339] [INFO] access - ::1 - - "GET /api/v1/user/adminlist HTTP/1.1" 200 2565 "http://localhost:8080/product/spec" "Mozilla/5.0 (Windows NT 10.0; Win64; x64) AppleWebKit/537.36 (KHTML, like Gecko) Chrome/72.0.3626.121 Safari/537.36"
[2019-03-16T23:51:33.982] [INFO] access - ::1 - - "GET /api/v1/user/list HTTP/1.1" 200 2122 "http://localhost:8080/product/list" "Mozilla/5.0 (Windows NT 10.0; Win64; x64) AppleWebKit/537.36 (KHTML, like Gecko) Chrome/72.0.3626.121 Safari/537.36"
[2019-03-16T23:55:13.359] [INFO] access - ::1 - - "GET /api/v1/user/list HTTP/1.1" 200 2122 "http://localhost:8080/picture/list" "Mozilla/5.0 (Windows NT 10.0; Win64; x64) AppleWebKit/537.36 (KHTML, like Gecko) Chrome/72.0.3626.121 Safari/537.36"
[2019-03-16T23:55:16.736] [INFO] access - ::1 - - "GET /api/v1/user/list HTTP/1.1" 200 2122 "http://localhost:8080/product/list" "Mozilla/5.0 (Windows NT 10.0; Win64; x64) AppleWebKit/537.36 (KHTML, like Gecko) Chrome/72.0.3626.121 Safari/537.36"
[2019-03-16T23:55:56.242] [INFO] access - ::1 - - "GET /api/v1/user/list HTTP/1.1" 200 2122 "http://localhost:8080/product/list" "Mozilla/5.0 (Windows NT 10.0; Win64; x64) AppleWebKit/537.36 (KHTML, like Gecko) Chrome/72.0.3626.121 Safari/537.36"
