[2019-03-09T00:49:55.645] [INFO] access - ::1 - - "POST /api/v1/user/login HTTP/1.1" 200 294 "http://localhost:8080/login" "Mozilla/5.0 (Windows NT 10.0; Win64; x64) AppleWebKit/537.36 (KHTML, like Gecko) Chrome/72.0.3626.119 Safari/537.36"
[2019-03-09T00:49:56.077] [INFO] access - ::1 - - "GET /api/v1/user/info HTTP/1.1" 200 114 "http://localhost:8080/user/index" "Mozilla/5.0 (Windows NT 10.0; Win64; x64) AppleWebKit/537.36 (KHTML, like Gecko) Chrome/72.0.3626.119 Safari/537.36"
[2019-03-09T00:49:57.971] [INFO] access - ::1 - - "GET /api/v1/user/adminlist HTTP/1.1" 200 2565 "http://localhost:8080/user/admin" "Mozilla/5.0 (Windows NT 10.0; Win64; x64) AppleWebKit/537.36 (KHTML, like Gecko) Chrome/72.0.3626.119 Safari/537.36"
[2019-03-09T00:49:58.424] [INFO] access - ::1 - - "GET /api/v1/user/list HTTP/1.1" 200 2122 "http://localhost:8080/user/user" "Mozilla/5.0 (Windows NT 10.0; Win64; x64) AppleWebKit/537.36 (KHTML, like Gecko) Chrome/72.0.3626.119 Safari/537.36"
[2019-03-09T00:49:59.293] [INFO] access - ::1 - - "GET /api/v1/user/adminlist HTTP/1.1" 200 2565 "http://localhost:8080/user/admin" "Mozilla/5.0 (Windows NT 10.0; Win64; x64) AppleWebKit/537.36 (KHTML, like Gecko) Chrome/72.0.3626.119 Safari/537.36"
[2019-03-09T00:50:00.081] [INFO] access - ::1 - - "GET /api/v1/article/list HTTP/1.1" 200 542 "http://localhost:8080/article/list" "Mozilla/5.0 (Windows NT 10.0; Win64; x64) AppleWebKit/537.36 (KHTML, like Gecko) Chrome/72.0.3626.119 Safari/537.36"
[2019-03-09T00:50:01.424] [INFO] access - ::1 - - "GET /api/v1/category/list HTTP/1.1" 200 461 "http://localhost:8080/category/list" "Mozilla/5.0 (Windows NT 10.0; Win64; x64) AppleWebKit/537.36 (KHTML, like Gecko) Chrome/72.0.3626.119 Safari/537.36"
[2019-03-09T00:50:01.427] [INFO] access - ::1 - - "GET /api/v1/category/list/0 HTTP/1.1" 200 254 "http://localhost:8080/category/list" "Mozilla/5.0 (Windows NT 10.0; Win64; x64) AppleWebKit/537.36 (KHTML, like Gecko) Chrome/72.0.3626.119 Safari/537.36"
[2019-03-09T00:50:03.045] [INFO] access - ::1 - - "GET /api/v1/category/list HTTP/1.1" 200 461 "http://localhost:8080/category/list" "Mozilla/5.0 (Windows NT 10.0; Win64; x64) AppleWebKit/537.36 (KHTML, like Gecko) Chrome/72.0.3626.119 Safari/537.36"
[2019-03-09T00:50:03.045] [INFO] access - ::1 - - "GET /api/v1/category/list/0 HTTP/1.1" 200 254 "http://localhost:8080/category/list" "Mozilla/5.0 (Windows NT 10.0; Win64; x64) AppleWebKit/537.36 (KHTML, like Gecko) Chrome/72.0.3626.119 Safari/537.36"
[2019-03-09T00:50:04.732] [INFO] access - ::1 - - "GET /api/v1/category/list HTTP/1.1" 200 461 "http://localhost:8080/category/list" "Mozilla/5.0 (Windows NT 10.0; Win64; x64) AppleWebKit/537.36 (KHTML, like Gecko) Chrome/72.0.3626.119 Safari/537.36"
[2019-03-09T00:50:04.733] [INFO] access - ::1 - - "GET /api/v1/category/list/0 HTTP/1.1" 200 254 "http://localhost:8080/category/list" "Mozilla/5.0 (Windows NT 10.0; Win64; x64) AppleWebKit/537.36 (KHTML, like Gecko) Chrome/72.0.3626.119 Safari/537.36"
[2019-03-09T00:50:07.349] [INFO] access - ::1 - - "GET /api/v1/user/list HTTP/1.1" 200 2122 "http://localhost:8080/product/list" "Mozilla/5.0 (Windows NT 10.0; Win64; x64) AppleWebKit/537.36 (KHTML, like Gecko) Chrome/72.0.3626.119 Safari/537.36"
[2019-03-09T00:50:07.933] [INFO] access - ::1 - - "GET /api/v1/user/adminlist HTTP/1.1" 200 2565 "http://localhost:8080/product/spec" "Mozilla/5.0 (Windows NT 10.0; Win64; x64) AppleWebKit/537.36 (KHTML, like Gecko) Chrome/72.0.3626.119 Safari/537.36"
[2019-03-09T00:50:09.458] [INFO] access - ::1 - - "GET /api/v1/user/list HTTP/1.1" 200 2122 "http://localhost:8080/picture/list" "Mozilla/5.0 (Windows NT 10.0; Win64; x64) AppleWebKit/537.36 (KHTML, like Gecko) Chrome/72.0.3626.119 Safari/537.36"
[2019-03-09T00:50:10.876] [INFO] access - ::1 - - "GET /api/v1/user/adminlist HTTP/1.1" 200 2565 "http://localhost:8080/product/spec" "Mozilla/5.0 (Windows NT 10.0; Win64; x64) AppleWebKit/537.36 (KHTML, like Gecko) Chrome/72.0.3626.119 Safari/537.36"
[2019-03-09T00:50:11.513] [INFO] access - ::1 - - "GET /api/v1/user/list HTTP/1.1" 200 2122 "http://localhost:8080/product/list" "Mozilla/5.0 (Windows NT 10.0; Win64; x64) AppleWebKit/537.36 (KHTML, like Gecko) Chrome/72.0.3626.119 Safari/537.36"
[2019-03-09T00:50:12.821] [INFO] access - ::1 - - "GET /api/v1/user/adminlist HTTP/1.1" 200 2565 "http://localhost:8080/product/spec" "Mozilla/5.0 (Windows NT 10.0; Win64; x64) AppleWebKit/537.36 (KHTML, like Gecko) Chrome/72.0.3626.119 Safari/537.36"
[2019-03-09T00:50:13.849] [INFO] access - ::1 - - "GET /api/v1/user/list HTTP/1.1" 200 2122 "http://localhost:8080/picture/list" "Mozilla/5.0 (Windows NT 10.0; Win64; x64) AppleWebKit/537.36 (KHTML, like Gecko) Chrome/72.0.3626.119 Safari/537.36"
[2019-03-09T00:50:14.387] [INFO] access - ::1 - - "GET /api/v1/user/list HTTP/1.1" 200 2122 "http://localhost:8080/product/list" "Mozilla/5.0 (Windows NT 10.0; Win64; x64) AppleWebKit/537.36 (KHTML, like Gecko) Chrome/72.0.3626.119 Safari/537.36"
[2019-03-09T00:50:14.783] [INFO] access - ::1 - - "GET /api/v1/user/adminlist HTTP/1.1" 200 2565 "http://localhost:8080/product/spec" "Mozilla/5.0 (Windows NT 10.0; Win64; x64) AppleWebKit/537.36 (KHTML, like Gecko) Chrome/72.0.3626.119 Safari/537.36"
[2019-03-09T00:50:16.596] [INFO] access - ::1 - - "GET /api/v1/user/list HTTP/1.1" 200 2122 "http://localhost:8080/picture/list" "Mozilla/5.0 (Windows NT 10.0; Win64; x64) AppleWebKit/537.36 (KHTML, like Gecko) Chrome/72.0.3626.119 Safari/537.36"
[2019-03-09T00:50:17.816] [INFO] access - ::1 - - "GET /api/v1/user/list HTTP/1.1" 200 2122 "http://localhost:8080/filemanager/list" "Mozilla/5.0 (Windows NT 10.0; Win64; x64) AppleWebKit/537.36 (KHTML, like Gecko) Chrome/72.0.3626.119 Safari/537.36"
