[2019-03-03T14:52:23.422] [INFO] access - ::1 - - "POST /api/v1/user/login HTTP/1.1" 403 45 "http://localhost:8080/login" "Mozilla/5.0 (Windows NT 10.0; Win64; x64) AppleWebKit/537.36 (KHTML, like Gecko) Chrome/72.0.3626.119 Safari/537.36"
[2019-03-03T15:04:48.801] [INFO] access - ::1 - - "POST /api/v1/user/login HTTP/1.1" 403 45 "http://localhost:8080/login" "Mozilla/5.0 (Windows NT 10.0; Win64; x64) AppleWebKit/537.36 (KHTML, like Gecko) Chrome/72.0.3626.119 Safari/537.36"
[2019-03-03T15:05:06.585] [INFO] access - ::1 - - "POST /api/v1/user/login HTTP/1.1" 403 45 "" "Mozilla/5.0 (Windows NT 10.0; Win64; x64) AppleWebKit/537.36 (KHTML, like Gecko) Chrome/72.0.3626.119 Safari/537.36"
[2019-03-03T15:20:53.646] [INFO] access - ::1 - - "POST /api/v1/user/register HTTP/1.1" 200 233 "" "Mozilla/5.0 (Windows NT 10.0; Win64; x64) AppleWebKit/537.36 (KHTML, like Gecko) Chrome/72.0.3626.119 Safari/537.36"
[2019-03-03T15:20:59.474] [INFO] access - ::1 - - "POST /api/v1/user/login HTTP/1.1" 403 45 "http://localhost:8080/login" "Mozilla/5.0 (Windows NT 10.0; Win64; x64) AppleWebKit/537.36 (KHTML, like Gecko) Chrome/72.0.3626.119 Safari/537.36"
[2019-03-03T15:21:04.028] [INFO] access - ::1 - - "POST /api/v1/user/login HTTP/1.1" 200 290 "http://localhost:8080/login" "Mozilla/5.0 (Windows NT 10.0; Win64; x64) AppleWebKit/537.36 (KHTML, like Gecko) Chrome/72.0.3626.119 Safari/537.36"
[2019-03-03T15:21:04.617] [INFO] access - ::1 - - "GET /api/v1/user/info HTTP/1.1" 200 102 "http://localhost:8080/user/index" "Mozilla/5.0 (Windows NT 10.0; Win64; x64) AppleWebKit/537.36 (KHTML, like Gecko) Chrome/72.0.3626.119 Safari/537.36"
[2019-03-03T15:21:16.289] [INFO] access - ::1 - - "GET /api/v1/user/list HTTP/1.1" 200 184 "http://localhost:8080/user/lock" "Mozilla/5.0 (Windows NT 10.0; Win64; x64) AppleWebKit/537.36 (KHTML, like Gecko) Chrome/72.0.3626.119 Safari/537.36"
[2019-03-03T15:21:20.688] [INFO] access - ::1 - - "GET /api/v1/article/list HTTP/1.1" 412 1068 "http://localhost:8080/article/list" "Mozilla/5.0 (Windows NT 10.0; Win64; x64) AppleWebKit/537.36 (KHTML, like Gecko) Chrome/72.0.3626.119 Safari/537.36"
[2019-03-03T15:21:22.957] [INFO] access - ::1 - - "GET /api/v1/category/list HTTP/1.1" 412 601 "http://localhost:8080/article/create" "Mozilla/5.0 (Windows NT 10.0; Win64; x64) AppleWebKit/537.36 (KHTML, like Gecko) Chrome/72.0.3626.119 Safari/537.36"
[2019-03-03T15:21:23.770] [INFO] access - ::1 - - "GET /api/v1/article/list HTTP/1.1" 412 1068 "http://localhost:8080/article/list" "Mozilla/5.0 (Windows NT 10.0; Win64; x64) AppleWebKit/537.36 (KHTML, like Gecko) Chrome/72.0.3626.119 Safari/537.36"
[2019-03-03T15:21:28.447] [INFO] access - ::1 - - "GET /api/v1/category/list HTTP/1.1" 412 601 "http://localhost:8080/article/create" "Mozilla/5.0 (Windows NT 10.0; Win64; x64) AppleWebKit/537.36 (KHTML, like Gecko) Chrome/72.0.3626.119 Safari/537.36"
[2019-03-03T15:24:01.862] [INFO] access - ::1 - - "GET /api/v1/user/info HTTP/1.1" 200 102 "http://localhost:8080/" "Mozilla/5.0 (Windows NT 10.0; Win64; x64) AppleWebKit/537.36 (KHTML, like Gecko) Chrome/72.0.3626.119 Safari/537.36"
[2019-03-03T15:24:07.308] [INFO] access - ::1 - - "GET /api/v1/article/list HTTP/1.1" 412 1068 "http://localhost:8080/article/list" "Mozilla/5.0 (Windows NT 10.0; Win64; x64) AppleWebKit/537.36 (KHTML, like Gecko) Chrome/72.0.3626.119 Safari/537.36"
[2019-03-03T15:24:08.016] [INFO] access - ::1 - - "GET /api/v1/category/list HTTP/1.1" 412 601 "http://localhost:8080/article/create" "Mozilla/5.0 (Windows NT 10.0; Win64; x64) AppleWebKit/537.36 (KHTML, like Gecko) Chrome/72.0.3626.119 Safari/537.36"
[2019-03-03T15:24:08.858] [INFO] access - ::1 - - "GET /api/v1/article/list HTTP/1.1" 412 1068 "http://localhost:8080/article/list" "Mozilla/5.0 (Windows NT 10.0; Win64; x64) AppleWebKit/537.36 (KHTML, like Gecko) Chrome/72.0.3626.119 Safari/537.36"
[2019-03-03T15:28:24.834] [INFO] access - ::1 - - "GET /api/v1/category/list HTTP/1.1" 412 601 "http://localhost:8080/article/create" "Mozilla/5.0 (Windows NT 10.0; Win64; x64) AppleWebKit/537.36 (KHTML, like Gecko) Chrome/72.0.3626.119 Safari/537.36"
[2019-03-03T15:28:42.746] [INFO] access - ::1 - - "GET /api/v1/category/list HTTP/1.1" 412 601 "http://localhost:8080/category/list" "Mozilla/5.0 (Windows NT 10.0; Win64; x64) AppleWebKit/537.36 (KHTML, like Gecko) Chrome/72.0.3626.119 Safari/537.36"
[2019-03-03T15:28:47.049] [INFO] access - ::1 - - "POST /api/v1/category/create HTTP/1.1" 412 559 "http://localhost:8080/category/create" "Mozilla/5.0 (Windows NT 10.0; Win64; x64) AppleWebKit/537.36 (KHTML, like Gecko) Chrome/72.0.3626.119 Safari/537.36"
[2019-03-03T15:28:48.121] [INFO] access - ::1 - - "POST /api/v1/category/create HTTP/1.1" 412 559 "http://localhost:8080/category/create" "Mozilla/5.0 (Windows NT 10.0; Win64; x64) AppleWebKit/537.36 (KHTML, like Gecko) Chrome/72.0.3626.119 Safari/537.36"
[2019-03-03T15:28:49.272] [INFO] access - ::1 - - "GET /api/v1/category/list HTTP/1.1" 412 601 "http://localhost:8080/category/list" "Mozilla/5.0 (Windows NT 10.0; Win64; x64) AppleWebKit/537.36 (KHTML, like Gecko) Chrome/72.0.3626.119 Safari/537.36"
[2019-03-03T15:28:50.317] [INFO] access - ::1 - - "GET /api/v1/category/list HTTP/1.1" 412 601 "http://localhost:8080/article/create" "Mozilla/5.0 (Windows NT 10.0; Win64; x64) AppleWebKit/537.36 (KHTML, like Gecko) Chrome/72.0.3626.119 Safari/537.36"
[2019-03-03T15:29:26.078] [INFO] access - ::1 - - "GET /api/v1/category/list HTTP/1.1" 412 601 "http://localhost:8080/article/create" "Mozilla/5.0 (Windows NT 10.0; Win64; x64) AppleWebKit/537.36 (KHTML, like Gecko) Chrome/72.0.3626.119 Safari/537.36"
[2019-03-03T15:29:50.059] [INFO] access - ::1 - - "POST /api/v1/article/create HTTP/1.1" 412 924 "http://localhost:8080/article/create" "Mozilla/5.0 (Windows NT 10.0; Win64; x64) AppleWebKit/537.36 (KHTML, like Gecko) Chrome/72.0.3626.119 Safari/537.36"
[2019-03-03T15:30:41.075] [INFO] access - ::1 - - "POST /api/v1/article/create HTTP/1.1" 412 780 "http://localhost:8080/article/create" "Mozilla/5.0 (Windows NT 10.0; Win64; x64) AppleWebKit/537.36 (KHTML, like Gecko) Chrome/72.0.3626.119 Safari/537.36"
[2019-03-03T15:31:11.747] [INFO] access - ::1 - - "POST /api/v1/article/create HTTP/1.1" 412 849 "http://localhost:8080/article/create" "Mozilla/5.0 (Windows NT 10.0; Win64; x64) AppleWebKit/537.36 (KHTML, like Gecko) Chrome/72.0.3626.119 Safari/537.36"
[2019-03-03T15:32:25.519] [INFO] access - ::1 - - "POST /api/v1/article/create HTTP/1.1" 412 843 "http://localhost:8080/article/create" "Mozilla/5.0 (Windows NT 10.0; Win64; x64) AppleWebKit/537.36 (KHTML, like Gecko) Chrome/72.0.3626.119 Safari/537.36"
[2019-03-03T15:32:36.085] [INFO] access - ::1 - - "GET /api/v1/category/list HTTP/1.1" 412 601 "http://localhost:8080/article/create" "Mozilla/5.0 (Windows NT 10.0; Win64; x64) AppleWebKit/537.36 (KHTML, like Gecko) Chrome/72.0.3626.119 Safari/537.36"
[2019-03-03T15:33:22.982] [INFO] access - ::1 - - "GET /api/v1/category/list HTTP/1.1" 412 601 "http://localhost:8080/article/create" "Mozilla/5.0 (Windows NT 10.0; Win64; x64) AppleWebKit/537.36 (KHTML, like Gecko) Chrome/72.0.3626.119 Safari/537.36"
[2019-03-03T15:34:19.645] [INFO] access - ::1 - - "POST /api/v1/article/create HTTP/1.1" 412 769 "http://localhost:8080/article/create" "Mozilla/5.0 (Windows NT 10.0; Win64; x64) AppleWebKit/537.36 (KHTML, like Gecko) Chrome/72.0.3626.119 Safari/537.36"
[2019-03-03T15:34:20.716] [INFO] access - ::1 - - "POST /api/v1/article/create HTTP/1.1" 412 769 "http://localhost:8080/article/create" "Mozilla/5.0 (Windows NT 10.0; Win64; x64) AppleWebKit/537.36 (KHTML, like Gecko) Chrome/72.0.3626.119 Safari/537.36"
[2019-03-03T15:34:21.402] [INFO] access - ::1 - - "POST /api/v1/article/create HTTP/1.1" 412 769 "http://localhost:8080/article/create" "Mozilla/5.0 (Windows NT 10.0; Win64; x64) AppleWebKit/537.36 (KHTML, like Gecko) Chrome/72.0.3626.119 Safari/537.36"
[2019-03-03T15:35:01.359] [INFO] access - ::1 - - "POST /api/v1/article/create HTTP/1.1" 412 769 "http://localhost:8080/article/create" "Mozilla/5.0 (Windows NT 10.0; Win64; x64) AppleWebKit/537.36 (KHTML, like Gecko) Chrome/72.0.3626.119 Safari/537.36"
[2019-03-03T15:35:35.999] [INFO] access - ::1 - - "POST /api/v1/article/create HTTP/1.1" 412 769 "http://localhost:8080/article/create" "Mozilla/5.0 (Windows NT 10.0; Win64; x64) AppleWebKit/537.36 (KHTML, like Gecko) Chrome/72.0.3626.119 Safari/537.36"
[2019-03-03T15:36:17.805] [INFO] access - ::1 - - "POST /api/v1/article/create HTTP/1.1" 412 66 "http://localhost:8080/article/create" "Mozilla/5.0 (Windows NT 10.0; Win64; x64) AppleWebKit/537.36 (KHTML, like Gecko) Chrome/72.0.3626.119 Safari/537.36"
[2019-03-03T15:37:24.346] [INFO] access - ::1 - - "POST /api/v1/article/create HTTP/1.1" 412 66 "http://localhost:8080/article/create" "Mozilla/5.0 (Windows NT 10.0; Win64; x64) AppleWebKit/537.36 (KHTML, like Gecko) Chrome/72.0.3626.119 Safari/537.36"
[2019-03-03T15:37:59.937] [INFO] access - ::1 - - "POST /api/v1/article/create HTTP/1.1" 412 66 "http://localhost:8080/article/create" "Mozilla/5.0 (Windows NT 10.0; Win64; x64) AppleWebKit/537.36 (KHTML, like Gecko) Chrome/72.0.3626.119 Safari/537.36"
[2019-03-03T15:38:49.900] [INFO] access - ::1 - - "POST /api/v1/article/create HTTP/1.1" 412 66 "http://localhost:8080/article/create" "Mozilla/5.0 (Windows NT 10.0; Win64; x64) AppleWebKit/537.36 (KHTML, like Gecko) Chrome/72.0.3626.119 Safari/537.36"
[2019-03-03T15:39:46.688] [INFO] access - ::1 - - "POST /api/v1/article/create HTTP/1.1" 412 66 "http://localhost:8080/article/create" "Mozilla/5.0 (Windows NT 10.0; Win64; x64) AppleWebKit/537.36 (KHTML, like Gecko) Chrome/72.0.3626.119 Safari/537.36"
[2019-03-03T15:40:21.063] [INFO] access - ::1 - - "GET /api/v1/category/list HTTP/1.1" 412 601 "http://localhost:8080/category/list" "Mozilla/5.0 (Windows NT 10.0; Win64; x64) AppleWebKit/537.36 (KHTML, like Gecko) Chrome/72.0.3626.119 Safari/537.36"
[2019-03-03T15:40:32.064] [INFO] access - ::1 - - "GET /api/v1/article/list HTTP/1.1" 412 1035 "http://localhost:8080/article/list" "Mozilla/5.0 (Windows NT 10.0; Win64; x64) AppleWebKit/537.36 (KHTML, like Gecko) Chrome/72.0.3626.119 Safari/537.36"
[2019-03-03T15:42:52.424] [INFO] access - ::1 - - "POST /api/v1/article/create HTTP/1.1" 412 66 "http://localhost:8080/article/create" "Mozilla/5.0 (Windows NT 10.0; Win64; x64) AppleWebKit/537.36 (KHTML, like Gecko) Chrome/72.0.3626.119 Safari/537.36"
[2019-03-03T15:45:11.047] [INFO] access - ::1 - - "POST /api/v1/article/create HTTP/1.1" 412 66 "http://localhost:8080/article/create" "Mozilla/5.0 (Windows NT 10.0; Win64; x64) AppleWebKit/537.36 (KHTML, like Gecko) Chrome/72.0.3626.119 Safari/537.36"
[2019-03-03T15:47:27.500] [INFO] access - ::1 - - "GET /api/v1/article/list HTTP/1.1" 412 1002 "http://localhost:8080/article/list" "Mozilla/5.0 (Windows NT 10.0; Win64; x64) AppleWebKit/537.36 (KHTML, like Gecko) Chrome/72.0.3626.119 Safari/537.36"
[2019-03-03T15:49:52.683] [INFO] access - ::1 - - "GET /api/v1/article/list HTTP/1.1" 200 496 "http://localhost:8080/article/list" "Mozilla/5.0 (Windows NT 10.0; Win64; x64) AppleWebKit/537.36 (KHTML, like Gecko) Chrome/72.0.3626.119 Safari/537.36"
[2019-03-03T15:53:32.688] [INFO] access - ::1 - - "POST /api/v1/article/create HTTP/1.1" 412 66 "http://localhost:8080/article/create" "Mozilla/5.0 (Windows NT 10.0; Win64; x64) AppleWebKit/537.36 (KHTML, like Gecko) Chrome/72.0.3626.119 Safari/537.36"
[2019-03-03T15:53:59.389] [INFO] access - ::1 - - "POST /api/v1/article/create HTTP/1.1" 412 66 "http://localhost:8080/article/create" "Mozilla/5.0 (Windows NT 10.0; Win64; x64) AppleWebKit/537.36 (KHTML, like Gecko) Chrome/72.0.3626.119 Safari/537.36"
[2019-03-03T15:54:34.513] [INFO] access - ::1 - - "POST /api/v1/article/create HTTP/1.1" 412 66 "http://localhost:8080/article/create" "Mozilla/5.0 (Windows NT 10.0; Win64; x64) AppleWebKit/537.36 (KHTML, like Gecko) Chrome/72.0.3626.119 Safari/537.36"
[2019-03-03T15:54:43.978] [INFO] access - ::1 - - "POST /api/v1/article/create HTTP/1.1" 200 64 "http://localhost:8080/article/create" "Mozilla/5.0 (Windows NT 10.0; Win64; x64) AppleWebKit/537.36 (KHTML, like Gecko) Chrome/72.0.3626.119 Safari/537.36"
[2019-03-03T15:54:45.001] [INFO] access - ::1 - - "GET /api/v1/user/info HTTP/1.1" 200 102 "http://localhost:8080/article/list" "Mozilla/5.0 (Windows NT 10.0; Win64; x64) AppleWebKit/537.36 (KHTML, like Gecko) Chrome/72.0.3626.119 Safari/537.36"
[2019-03-03T15:54:45.076] [INFO] access - ::1 - - "GET /api/v1/article/list HTTP/1.1" 200 766 "http://localhost:8080/article/list" "Mozilla/5.0 (Windows NT 10.0; Win64; x64) AppleWebKit/537.36 (KHTML, like Gecko) Chrome/72.0.3626.119 Safari/537.36"
[2019-03-03T15:56:45.705] [INFO] access - ::1 - - "GET /api/v1/article/list HTTP/1.1" 200 766 "http://localhost:8080/article/list" "Mozilla/5.0 (Windows NT 10.0; Win64; x64) AppleWebKit/537.36 (KHTML, like Gecko) Chrome/72.0.3626.119 Safari/537.36"
[2019-03-03T15:56:46.743] [INFO] access - ::1 - - "GET /api/v1/category/list HTTP/1.1" 412 601 "http://localhost:8080/article/update/2" "Mozilla/5.0 (Windows NT 10.0; Win64; x64) AppleWebKit/537.36 (KHTML, like Gecko) Chrome/72.0.3626.119 Safari/537.36"
[2019-03-03T15:56:46.744] [INFO] access - ::1 - - "GET /api/v1/article/detail/2 HTTP/1.1" 200 446 "http://localhost:8080/article/update/2" "Mozilla/5.0 (Windows NT 10.0; Win64; x64) AppleWebKit/537.36 (KHTML, like Gecko) Chrome/72.0.3626.119 Safari/537.36"
[2019-03-03T15:57:28.548] [INFO] access - ::1 - - "GET /api/v1/category/list HTTP/1.1" 412 601 "http://localhost:8080/article/update/2" "Mozilla/5.0 (Windows NT 10.0; Win64; x64) AppleWebKit/537.36 (KHTML, like Gecko) Chrome/72.0.3626.119 Safari/537.36"
[2019-03-03T15:57:28.548] [INFO] access - ::1 - - "GET /api/v1/article/detail/undefined HTTP/1.1" 200 79 "http://localhost:8080/article/update/2" "Mozilla/5.0 (Windows NT 10.0; Win64; x64) AppleWebKit/537.36 (KHTML, like Gecko) Chrome/72.0.3626.119 Safari/537.36"
[2019-03-03T15:57:33.500] [INFO] access - ::1 - - "GET /api/v1/category/list HTTP/1.1" 412 601 "http://localhost:8080/article/update/2" "Mozilla/5.0 (Windows NT 10.0; Win64; x64) AppleWebKit/537.36 (KHTML, like Gecko) Chrome/72.0.3626.119 Safari/537.36"
[2019-03-03T15:57:33.501] [INFO] access - ::1 - - "GET /api/v1/article/detail/undefined HTTP/1.1" 200 79 "http://localhost:8080/article/update/2" "Mozilla/5.0 (Windows NT 10.0; Win64; x64) AppleWebKit/537.36 (KHTML, like Gecko) Chrome/72.0.3626.119 Safari/537.36"
