[2019-03-08T00:30:24.466] [INFO] access - ::1 - - "GET /api/v1/article/list HTTP/1.1" 200 233 "http://localhost:8080/article/list" "Mozilla/5.0 (Windows NT 10.0; Win64; x64) AppleWebKit/537.36 (KHTML, like Gecko) Chrome/72.0.3626.119 Safari/537.36"
[2019-03-08T00:39:20.616] [INFO] access - ::1 - - "POST /api/v1/user/login HTTP/1.1" 200 294 "http://localhost:8080/login" "Mozilla/5.0 (Windows NT 10.0; Win64; x64) AppleWebKit/537.36 (KHTML, like Gecko) Chrome/72.0.3626.119 Safari/537.36"
[2019-03-08T00:39:21.176] [INFO] access - ::1 - - "GET /api/v1/user/info HTTP/1.1" 200 114 "http://localhost:8080/user/index" "Mozilla/5.0 (Windows NT 10.0; Win64; x64) AppleWebKit/537.36 (KHTML, like Gecko) Chrome/72.0.3626.119 Safari/537.36"
[2019-03-08T00:39:23.105] [INFO] access - ::1 - - "GET /api/v1/article/list HTTP/1.1" 200 233 "http://localhost:8080/article/list" "Mozilla/5.0 (Windows NT 10.0; Win64; x64) AppleWebKit/537.36 (KHTML, like Gecko) Chrome/72.0.3626.119 Safari/537.36"
[2019-03-08T00:39:31.811] [INFO] access - ::1 - - "POST /api/v1/article/create HTTP/1.1" 200 64 "http://localhost:8080/article/create" "Mozilla/5.0 (Windows NT 10.0; Win64; x64) AppleWebKit/537.36 (KHTML, like Gecko) Chrome/72.0.3626.119 Safari/537.36"
[2019-03-08T00:39:32.640] [INFO] access - ::1 - - "GET /api/v1/user/info HTTP/1.1" 200 114 "http://localhost:8080/article/list" "Mozilla/5.0 (Windows NT 10.0; Win64; x64) AppleWebKit/537.36 (KHTML, like Gecko) Chrome/72.0.3626.119 Safari/537.36"
[2019-03-08T00:39:32.707] [INFO] access - ::1 - - "GET /api/v1/article/list HTTP/1.1" 200 542 "http://localhost:8080/article/list" "Mozilla/5.0 (Windows NT 10.0; Win64; x64) AppleWebKit/537.36 (KHTML, like Gecko) Chrome/72.0.3626.119 Safari/537.36"
[2019-03-08T00:42:18.390] [INFO] access - ::1 - - "GET /api/v1/article/list HTTP/1.1" 200 542 "http://localhost:8080/article/list" "Mozilla/5.0 (Windows NT 10.0; Win64; x64) AppleWebKit/537.36 (KHTML, like Gecko) Chrome/72.0.3626.119 Safari/537.36"
[2019-03-08T00:42:21.626] [INFO] access - ::1 - - "GET /api/v1/article/detail/undefined HTTP/1.1" 200 79 "http://localhost:8080/article/update/1" "Mozilla/5.0 (Windows NT 10.0; Win64; x64) AppleWebKit/537.36 (KHTML, like Gecko) Chrome/72.0.3626.119 Safari/537.36"
[2019-03-08T00:42:21.628] [INFO] access - ::1 - - "GET /api/v1/category/list HTTP/1.1" 412 601 "http://localhost:8080/article/update/1" "Mozilla/5.0 (Windows NT 10.0; Win64; x64) AppleWebKit/537.36 (KHTML, like Gecko) Chrome/72.0.3626.119 Safari/537.36"
[2019-03-08T00:43:28.385] [INFO] access - ::1 - - "GET /api/v1/article/list HTTP/1.1" 200 542 "http://localhost:8080/article/list" "Mozilla/5.0 (Windows NT 10.0; Win64; x64) AppleWebKit/537.36 (KHTML, like Gecko) Chrome/72.0.3626.119 Safari/537.36"
[2019-03-08T00:43:29.512] [INFO] access - ::1 - - "GET /api/v1/category/list HTTP/1.1" 412 601 "http://localhost:8080/article/update/1" "Mozilla/5.0 (Windows NT 10.0; Win64; x64) AppleWebKit/537.36 (KHTML, like Gecko) Chrome/72.0.3626.119 Safari/537.36"
[2019-03-08T00:43:29.513] [INFO] access - ::1 - - "GET /api/v1/article/detail/undefined HTTP/1.1" 200 79 "http://localhost:8080/article/update/1" "Mozilla/5.0 (Windows NT 10.0; Win64; x64) AppleWebKit/537.36 (KHTML, like Gecko) Chrome/72.0.3626.119 Safari/537.36"
[2019-03-08T00:43:40.181] [INFO] access - ::1 - - "GET /api/v1/category/list HTTP/1.1" 412 601 "http://localhost:8080/article/update/1" "Mozilla/5.0 (Windows NT 10.0; Win64; x64) AppleWebKit/537.36 (KHTML, like Gecko) Chrome/72.0.3626.119 Safari/537.36"
[2019-03-08T00:43:40.182] [INFO] access - ::1 - - "GET /api/v1/article/detail/undefined HTTP/1.1" 200 79 "http://localhost:8080/article/update/1" "Mozilla/5.0 (Windows NT 10.0; Win64; x64) AppleWebKit/537.36 (KHTML, like Gecko) Chrome/72.0.3626.119 Safari/537.36"
[2019-03-08T00:43:52.966] [INFO] access - ::1 - - "GET /api/v1/article/detail/undefined HTTP/1.1" 200 79 "http://localhost:8080/article/update/1" "Mozilla/5.0 (Windows NT 10.0; Win64; x64) AppleWebKit/537.36 (KHTML, like Gecko) Chrome/72.0.3626.119 Safari/537.36"
[2019-03-08T00:43:54.779] [INFO] access - ::1 - - "GET /api/v1/article/list HTTP/1.1" 200 542 "http://localhost:8080/article/list" "Mozilla/5.0 (Windows NT 10.0; Win64; x64) AppleWebKit/537.36 (KHTML, like Gecko) Chrome/72.0.3626.119 Safari/537.36"
[2019-03-08T00:43:56.002] [INFO] access - ::1 - - "GET /api/v1/article/detail/undefined HTTP/1.1" 200 79 "http://localhost:8080/article/update/1" "Mozilla/5.0 (Windows NT 10.0; Win64; x64) AppleWebKit/537.36 (KHTML, like Gecko) Chrome/72.0.3626.119 Safari/537.36"
[2019-03-08T00:44:27.683] [INFO] access - ::1 - - "GET /api/v1/article/list HTTP/1.1" 200 542 "http://localhost:8080/article/list" "Mozilla/5.0 (Windows NT 10.0; Win64; x64) AppleWebKit/537.36 (KHTML, like Gecko) Chrome/72.0.3626.119 Safari/537.36"
[2019-03-08T00:44:29.328] [INFO] access - ::1 - - "GET /api/v1/article/detail/undefined HTTP/1.1" 200 79 "http://localhost:8080/article/update/1" "Mozilla/5.0 (Windows NT 10.0; Win64; x64) AppleWebKit/537.36 (KHTML, like Gecko) Chrome/72.0.3626.119 Safari/537.36"
[2019-03-08T00:45:31.636] [INFO] access - ::1 - - "GET /api/v1/article/detail/undefined HTTP/1.1" 200 79 "http://localhost:8080/article/update/1" "Mozilla/5.0 (Windows NT 10.0; Win64; x64) AppleWebKit/537.36 (KHTML, like Gecko) Chrome/72.0.3626.119 Safari/537.36"
[2019-03-08T00:45:36.978] [INFO] access - ::1 - - "GET /api/v1/article/list HTTP/1.1" 200 542 "http://localhost:8080/article/list" "Mozilla/5.0 (Windows NT 10.0; Win64; x64) AppleWebKit/537.36 (KHTML, like Gecko) Chrome/72.0.3626.119 Safari/537.36"
[2019-03-08T00:45:39.198] [INFO] access - ::1 - - "GET /api/v1/article/detail/undefined HTTP/1.1" 200 79 "http://localhost:8080/article/update/1" "Mozilla/5.0 (Windows NT 10.0; Win64; x64) AppleWebKit/537.36 (KHTML, like Gecko) Chrome/72.0.3626.119 Safari/537.36"
[2019-03-08T00:45:59.790] [INFO] access - ::1 - - "GET /api/v1/user/info HTTP/1.1" 200 114 "http://localhost:8080/article/update/1" "Mozilla/5.0 (Windows NT 10.0; Win64; x64) AppleWebKit/537.36 (KHTML, like Gecko) Chrome/72.0.3626.119 Safari/537.36"
[2019-03-08T00:45:59.927] [INFO] access - ::1 - - "GET /api/v1/article/detail/undefined HTTP/1.1" 200 79 "http://localhost:8080/article/update/1" "Mozilla/5.0 (Windows NT 10.0; Win64; x64) AppleWebKit/537.36 (KHTML, like Gecko) Chrome/72.0.3626.119 Safari/537.36"
[2019-03-08T00:46:02.307] [INFO] access - ::1 - - "GET /api/v1/article/list HTTP/1.1" 200 542 "http://localhost:8080/article/list" "Mozilla/5.0 (Windows NT 10.0; Win64; x64) AppleWebKit/537.36 (KHTML, like Gecko) Chrome/72.0.3626.119 Safari/537.36"
[2019-03-08T00:46:03.434] [INFO] access - ::1 - - "GET /api/v1/article/detail/undefined HTTP/1.1" 200 79 "http://localhost:8080/article/update/1" "Mozilla/5.0 (Windows NT 10.0; Win64; x64) AppleWebKit/537.36 (KHTML, like Gecko) Chrome/72.0.3626.119 Safari/537.36"
[2019-03-08T00:46:11.119] [INFO] access - ::1 - - "GET /api/v1/article/detail/1 HTTP/1.1" 200 413 "http://localhost:8080/article/update/1" "Mozilla/5.0 (Windows NT 10.0; Win64; x64) AppleWebKit/537.36 (KHTML, like Gecko) Chrome/72.0.3626.119 Safari/537.36"
[2019-03-08T00:46:15.271] [INFO] access - ::1 - - "GET /api/v1/article/list HTTP/1.1" 200 542 "http://localhost:8080/article/list" "Mozilla/5.0 (Windows NT 10.0; Win64; x64) AppleWebKit/537.36 (KHTML, like Gecko) Chrome/72.0.3626.119 Safari/537.36"
[2019-03-08T00:46:45.566] [INFO] access - ::1 - - "GET /api/v1/article/detail/1 HTTP/1.1" 200 413 "http://localhost:8080/article/update/1" "Mozilla/5.0 (Windows NT 10.0; Win64; x64) AppleWebKit/537.36 (KHTML, like Gecko) Chrome/72.0.3626.119 Safari/537.36"
[2019-03-08T00:47:02.331] [INFO] access - ::1 - - "GET /api/v1/article/list HTTP/1.1" 200 542 "http://localhost:8080/article/list" "Mozilla/5.0 (Windows NT 10.0; Win64; x64) AppleWebKit/537.36 (KHTML, like Gecko) Chrome/72.0.3626.119 Safari/537.36"
[2019-03-08T00:47:03.576] [INFO] access - ::1 - - "GET /api/v1/article/detail/1 HTTP/1.1" 200 413 "http://localhost:8080/article/update/1" "Mozilla/5.0 (Windows NT 10.0; Win64; x64) AppleWebKit/537.36 (KHTML, like Gecko) Chrome/72.0.3626.119 Safari/537.36"
[2019-03-08T00:50:00.528] [INFO] access - ::1 - - "GET /api/v1/user/info HTTP/1.1" 200 114 "http://localhost:8080/article/list" "Mozilla/5.0 (Windows NT 10.0; Win64; x64) AppleWebKit/537.36 (KHTML, like Gecko) Chrome/72.0.3626.119 Safari/537.36"
[2019-03-08T00:50:00.594] [INFO] access - ::1 - - "GET /api/v1/article/list HTTP/1.1" 200 542 "http://localhost:8080/article/list" "Mozilla/5.0 (Windows NT 10.0; Win64; x64) AppleWebKit/537.36 (KHTML, like Gecko) Chrome/72.0.3626.119 Safari/537.36"
[2019-03-08T00:50:02.787] [INFO] access - ::1 - - "GET /api/v1/article/detail/1 HTTP/1.1" 200 413 "http://localhost:8080/article/update/1" "Mozilla/5.0 (Windows NT 10.0; Win64; x64) AppleWebKit/537.36 (KHTML, like Gecko) Chrome/72.0.3626.119 Safari/537.36"
[2019-03-08T00:50:23.496] [INFO] access - ::1 - - "GET /api/v1/user/info HTTP/1.1" 200 114 "http://localhost:8080/article/list" "Mozilla/5.0 (Windows NT 10.0; Win64; x64) AppleWebKit/537.36 (KHTML, like Gecko) Chrome/72.0.3626.119 Safari/537.36"
[2019-03-08T00:50:23.580] [INFO] access - ::1 - - "GET /api/v1/article/list HTTP/1.1" 200 542 "http://localhost:8080/article/list" "Mozilla/5.0 (Windows NT 10.0; Win64; x64) AppleWebKit/537.36 (KHTML, like Gecko) Chrome/72.0.3626.119 Safari/537.36"
[2019-03-08T00:50:25.935] [INFO] access - ::1 - - "GET /api/v1/article/detail/1 HTTP/1.1" 200 413 "http://localhost:8080/article/update/1" "Mozilla/5.0 (Windows NT 10.0; Win64; x64) AppleWebKit/537.36 (KHTML, like Gecko) Chrome/72.0.3626.119 Safari/537.36"
[2019-03-08T00:50:57.947] [INFO] access - ::1 - - "GET /api/v1/article/list HTTP/1.1" 200 542 "http://localhost:8080/article/list" "Mozilla/5.0 (Windows NT 10.0; Win64; x64) AppleWebKit/537.36 (KHTML, like Gecko) Chrome/72.0.3626.119 Safari/537.36"
[2019-03-08T00:51:31.931] [INFO] access - ::1 - - "GET /api/v1/article/list HTTP/1.1" 200 542 "http://localhost:8080/article/list" "Mozilla/5.0 (Windows NT 10.0; Win64; x64) AppleWebKit/537.36 (KHTML, like Gecko) Chrome/72.0.3626.119 Safari/537.36"
[2019-03-08T00:51:37.304] [INFO] access - ::1 - - "GET /api/v1/article/list HTTP/1.1" 200 542 "http://localhost:8080/article/list" "Mozilla/5.0 (Windows NT 10.0; Win64; x64) AppleWebKit/537.36 (KHTML, like Gecko) Chrome/72.0.3626.119 Safari/537.36"
[2019-03-08T00:51:44.767] [INFO] access - ::1 - - "GET /api/v1/article/list HTTP/1.1" 200 542 "http://localhost:8080/article/list" "Mozilla/5.0 (Windows NT 10.0; Win64; x64) AppleWebKit/537.36 (KHTML, like Gecko) Chrome/72.0.3626.119 Safari/537.36"
[2019-03-08T00:51:50.308] [INFO] access - ::1 - - "GET /api/v1/article/list HTTP/1.1" 200 542 "http://localhost:8080/article/list" "Mozilla/5.0 (Windows NT 10.0; Win64; x64) AppleWebKit/537.36 (KHTML, like Gecko) Chrome/72.0.3626.119 Safari/537.36"
[2019-03-08T00:52:15.394] [INFO] access - ::1 - - "GET /api/v1/article/detail/1 HTTP/1.1" 200 413 "http://localhost:8080/article/update/1" "Mozilla/5.0 (Windows NT 10.0; Win64; x64) AppleWebKit/537.36 (KHTML, like Gecko) Chrome/72.0.3626.119 Safari/537.36"
[2019-03-08T00:52:17.488] [INFO] access - ::1 - - "GET /api/v1/article/list HTTP/1.1" 200 542 "http://localhost:8080/article/list" "Mozilla/5.0 (Windows NT 10.0; Win64; x64) AppleWebKit/537.36 (KHTML, like Gecko) Chrome/72.0.3626.119 Safari/537.36"
[2019-03-08T00:54:32.174] [INFO] access - ::1 - - "GET /api/v1/category/list HTTP/1.1" 412 601 "http://localhost:8080/category/list" "Mozilla/5.0 (Windows NT 10.0; Win64; x64) AppleWebKit/537.36 (KHTML, like Gecko) Chrome/72.0.3626.119 Safari/537.36"
[2019-03-08T00:54:35.216] [INFO] access - ::1 - - "POST /api/v1/category/create HTTP/1.1" 412 559 "http://localhost:8080/category/create" "Mozilla/5.0 (Windows NT 10.0; Win64; x64) AppleWebKit/537.36 (KHTML, like Gecko) Chrome/72.0.3626.119 Safari/537.36"
[2019-03-08T01:06:43.462] [INFO] access - ::1 - - "GET /api/v1/category/list HTTP/1.1" 412 708 "http://localhost:8080/category/list" "Mozilla/5.0 (Windows NT 10.0; Win64; x64) AppleWebKit/537.36 (KHTML, like Gecko) Chrome/72.0.3626.119 Safari/537.36"
[2019-03-08T01:06:45.070] [INFO] access - ::1 - - "GET /api/v1/category/list HTTP/1.1" 412 708 "http://localhost:8080/category/list" "Mozilla/5.0 (Windows NT 10.0; Win64; x64) AppleWebKit/537.36 (KHTML, like Gecko) Chrome/72.0.3626.119 Safari/537.36"
[2019-03-08T01:09:07.718] [INFO] access - ::1 - - "POST /api/v1/category/create HTTP/1.1" 412 559 "http://localhost:8080/category/create" "Mozilla/5.0 (Windows NT 10.0; Win64; x64) AppleWebKit/537.36 (KHTML, like Gecko) Chrome/72.0.3626.119 Safari/537.36"
[2019-03-08T01:09:47.420] [INFO] access - ::1 - - "GET /api/v1/category/list HTTP/1.1" 412 708 "http://localhost:8080/category/list" "Mozilla/5.0 (Windows NT 10.0; Win64; x64) AppleWebKit/537.36 (KHTML, like Gecko) Chrome/72.0.3626.119 Safari/537.36"
[2019-03-08T01:10:45.131] [INFO] access - ::1 - - "POST /api/v1/category/create HTTP/1.1" 412 65 "http://localhost:8080/category/create" "Mozilla/5.0 (Windows NT 10.0; Win64; x64) AppleWebKit/537.36 (KHTML, like Gecko) Chrome/72.0.3626.119 Safari/537.36"
[2019-03-08T01:11:27.617] [INFO] access - ::1 - - "POST /api/v1/category/create HTTP/1.1" 200 151 "http://localhost:8080/category/create" "Mozilla/5.0 (Windows NT 10.0; Win64; x64) AppleWebKit/537.36 (KHTML, like Gecko) Chrome/72.0.3626.119 Safari/537.36"
[2019-03-08T01:11:28.639] [INFO] access - ::1 - - "GET /api/v1/user/info HTTP/1.1" 200 114 "http://localhost:8080/category/list" "Mozilla/5.0 (Windows NT 10.0; Win64; x64) AppleWebKit/537.36 (KHTML, like Gecko) Chrome/72.0.3626.119 Safari/537.36"
[2019-03-08T01:11:28.704] [INFO] access - ::1 - - "GET /api/v1/category/list HTTP/1.1" 412 708 "http://localhost:8080/category/list" "Mozilla/5.0 (Windows NT 10.0; Win64; x64) AppleWebKit/537.36 (KHTML, like Gecko) Chrome/72.0.3626.119 Safari/537.36"
[2019-03-08T01:11:31.667] [INFO] access - ::1 - - "GET /api/v1/category/list HTTP/1.1" 412 708 "http://localhost:8080/category/list" "Mozilla/5.0 (Windows NT 10.0; Win64; x64) AppleWebKit/537.36 (KHTML, like Gecko) Chrome/72.0.3626.119 Safari/537.36"
[2019-03-08T01:11:41.705] [INFO] access - ::1 - - "GET /api/v1/category/list HTTP/1.1" 412 708 "http://localhost:8080/category/list" "Mozilla/5.0 (Windows NT 10.0; Win64; x64) AppleWebKit/537.36 (KHTML, like Gecko) Chrome/72.0.3626.119 Safari/537.36"
[2019-03-08T01:12:10.375] [INFO] access - ::1 - - "GET /api/v1/category/list HTTP/1.1" 412 708 "http://localhost:8080/category/list" "Mozilla/5.0 (Windows NT 10.0; Win64; x64) AppleWebKit/537.36 (KHTML, like Gecko) Chrome/72.0.3626.119 Safari/537.36"
[2019-03-08T01:12:53.427] [INFO] access - ::1 - - "GET /api/v1/category/list HTTP/1.1" 200 178 "http://localhost:8080/category/list" "Mozilla/5.0 (Windows NT 10.0; Win64; x64) AppleWebKit/537.36 (KHTML, like Gecko) Chrome/72.0.3626.119 Safari/537.36"
[2019-03-08T01:30:49.513] [INFO] access - ::1 - - "GET /api/v1/category/list HTTP/1.1" 200 178 "http://localhost:8080/category/list" "Mozilla/5.0 (Windows NT 10.0; Win64; x64) AppleWebKit/537.36 (KHTML, like Gecko) Chrome/72.0.3626.119 Safari/537.36"
[2019-03-08T01:31:17.484] [INFO] access - ::1 - - "GET /api/v1/category/list HTTP/1.1" 200 178 "http://localhost:8080/category/list" "Mozilla/5.0 (Windows NT 10.0; Win64; x64) AppleWebKit/537.36 (KHTML, like Gecko) Chrome/72.0.3626.119 Safari/537.36"
[2019-03-08T01:31:24.109] [INFO] access - ::1 - - "GET /api/v1/category/list HTTP/1.1" 200 178 "http://localhost:8080/category/list" "Mozilla/5.0 (Windows NT 10.0; Win64; x64) AppleWebKit/537.36 (KHTML, like Gecko) Chrome/72.0.3626.119 Safari/537.36"
[2019-03-08T01:37:22.467] [INFO] access - ::1 - - "GET /api/v1/category/list HTTP/1.1" 200 178 "http://localhost:8080/category/list" "Mozilla/5.0 (Windows NT 10.0; Win64; x64) AppleWebKit/537.36 (KHTML, like Gecko) Chrome/72.0.3626.119 Safari/537.36"
[2019-03-08T01:37:36.301] [INFO] access - ::1 - - "GET /api/v1/category/list HTTP/1.1" 200 178 "http://localhost:8080/category/list" "Mozilla/5.0 (Windows NT 10.0; Win64; x64) AppleWebKit/537.36 (KHTML, like Gecko) Chrome/72.0.3626.119 Safari/537.36"
[2019-03-08T01:38:28.148] [INFO] access - ::1 - - "GET /api/v1/category/list HTTP/1.1" 200 178 "http://localhost:8080/category/list" "Mozilla/5.0 (Windows NT 10.0; Win64; x64) AppleWebKit/537.36 (KHTML, like Gecko) Chrome/72.0.3626.119 Safari/537.36"
[2019-03-08T01:38:31.057] [INFO] access - ::1 - - "GET /api/v1/category/list HTTP/1.1" 200 178 "http://localhost:8080/category/list" "Mozilla/5.0 (Windows NT 10.0; Win64; x64) AppleWebKit/537.36 (KHTML, like Gecko) Chrome/72.0.3626.119 Safari/537.36"
[2019-03-08T01:38:37.177] [INFO] access - ::1 - - "GET /api/v1/category/list HTTP/1.1" 200 178 "http://localhost:8080/category/list" "Mozilla/5.0 (Windows NT 10.0; Win64; x64) AppleWebKit/537.36 (KHTML, like Gecko) Chrome/72.0.3626.119 Safari/537.36"
[2019-03-08T01:39:38.801] [INFO] access - ::1 - - "GET /api/v1/category/list HTTP/1.1" 200 178 "http://localhost:8080/category/list" "Mozilla/5.0 (Windows NT 10.0; Win64; x64) AppleWebKit/537.36 (KHTML, like Gecko) Chrome/72.0.3626.119 Safari/537.36"
[2019-03-08T01:40:15.945] [INFO] access - ::1 - - "GET /api/v1/category/list HTTP/1.1" 200 178 "http://localhost:8080/category/list" "Mozilla/5.0 (Windows NT 10.0; Win64; x64) AppleWebKit/537.36 (KHTML, like Gecko) Chrome/72.0.3626.119 Safari/537.36"
[2019-03-08T01:40:27.394] [INFO] access - ::1 - - "GET /api/v1/category/list HTTP/1.1" 200 178 "http://localhost:8080/category/list" "Mozilla/5.0 (Windows NT 10.0; Win64; x64) AppleWebKit/537.36 (KHTML, like Gecko) Chrome/72.0.3626.119 Safari/537.36"
[2019-03-08T01:40:42.946] [INFO] access - ::1 - - "GET /api/v1/category/list HTTP/1.1" 200 178 "http://localhost:8080/category/list" "Mozilla/5.0 (Windows NT 10.0; Win64; x64) AppleWebKit/537.36 (KHTML, like Gecko) Chrome/72.0.3626.119 Safari/537.36"
[2019-03-08T01:41:09.304] [INFO] access - ::1 - - "GET /api/v1/category/list HTTP/1.1" 200 178 "http://localhost:8080/category/list" "Mozilla/5.0 (Windows NT 10.0; Win64; x64) AppleWebKit/537.36 (KHTML, like Gecko) Chrome/72.0.3626.119 Safari/537.36"
[2019-03-08T01:41:15.363] [INFO] access - ::1 - - "GET /api/v1/category/list HTTP/1.1" 200 178 "http://localhost:8080/category/list" "Mozilla/5.0 (Windows NT 10.0; Win64; x64) AppleWebKit/537.36 (KHTML, like Gecko) Chrome/72.0.3626.119 Safari/537.36"
[2019-03-08T01:41:17.004] [INFO] access - ::1 - - "POST /api/v1/user/login HTTP/1.1" 200 294 "http://localhost:8080/login" "Mozilla/5.0 (Windows NT 10.0; Win64; x64) AppleWebKit/537.36 (KHTML, like Gecko) Chrome/72.0.3626.119 Safari/537.36"
[2019-03-08T01:41:17.442] [INFO] access - ::1 - - "GET /api/v1/user/info HTTP/1.1" 200 114 "http://localhost:8080/user/index" "Mozilla/5.0 (Windows NT 10.0; Win64; x64) AppleWebKit/537.36 (KHTML, like Gecko) Chrome/72.0.3626.119 Safari/537.36"
[2019-03-08T01:41:18.880] [INFO] access - ::1 - - "GET /api/v1/category/list HTTP/1.1" 200 178 "http://localhost:8080/category/list" "Mozilla/5.0 (Windows NT 10.0; Win64; x64) AppleWebKit/537.36 (KHTML, like Gecko) Chrome/72.0.3626.119 Safari/537.36"
[2019-03-08T02:29:46.997] [INFO] access - ::1 - - "GET /api/v1/category/list HTTP/1.1" 200 178 "http://localhost:8080/category/list" "Mozilla/5.0 (Windows NT 10.0; Win64; x64) AppleWebKit/537.36 (KHTML, like Gecko) Chrome/72.0.3626.119 Safari/537.36"
[2019-03-08T02:30:03.985] [INFO] access - ::1 - - "GET /api/v1/category/list HTTP/1.1" 200 178 "http://localhost:8080/category/list" "Mozilla/5.0 (Windows NT 10.0; Win64; x64) AppleWebKit/537.36 (KHTML, like Gecko) Chrome/72.0.3626.119 Safari/537.36"
[2019-03-08T02:33:32.375] [INFO] access - ::1 - - "GET /api/v1/user/info HTTP/1.1" 200 114 "http://localhost:8080/category/list" "Mozilla/5.0 (Windows NT 10.0; Win64; x64) AppleWebKit/537.36 (KHTML, like Gecko) Chrome/72.0.3626.119 Safari/537.36"
[2019-03-08T02:33:32.436] [INFO] access - ::1 - - "GET /api/v1/category/list HTTP/1.1" 200 178 "http://localhost:8080/category/list" "Mozilla/5.0 (Windows NT 10.0; Win64; x64) AppleWebKit/537.36 (KHTML, like Gecko) Chrome/72.0.3626.119 Safari/537.36"
[2019-03-08T02:33:41.782] [INFO] access - ::1 - - "GET /api/v1/user/info HTTP/1.1" 200 114 "http://localhost:8080/category/list" "Mozilla/5.0 (Windows NT 10.0; Win64; x64) AppleWebKit/537.36 (KHTML, like Gecko) Chrome/72.0.3626.119 Safari/537.36"
[2019-03-08T02:33:41.839] [INFO] access - ::1 - - "GET /api/v1/category/list HTTP/1.1" 200 178 "http://localhost:8080/category/list" "Mozilla/5.0 (Windows NT 10.0; Win64; x64) AppleWebKit/537.36 (KHTML, like Gecko) Chrome/72.0.3626.119 Safari/537.36"
[2019-03-08T02:33:52.195] [INFO] access - ::1 - - "GET /api/v1/user/info HTTP/1.1" 200 114 "http://localhost:8080/category/list" "Mozilla/5.0 (Windows NT 10.0; Win64; x64) AppleWebKit/537.36 (KHTML, like Gecko) Chrome/72.0.3626.119 Safari/537.36"
[2019-03-08T02:33:52.277] [INFO] access - ::1 - - "GET /api/v1/category/list HTTP/1.1" 200 178 "http://localhost:8080/category/list" "Mozilla/5.0 (Windows NT 10.0; Win64; x64) AppleWebKit/537.36 (KHTML, like Gecko) Chrome/72.0.3626.119 Safari/537.36"
[2019-03-08T02:35:05.607] [INFO] access - ::1 - - "GET /api/v1/user/info HTTP/1.1" 200 114 "http://localhost:8080/category/list" "Mozilla/5.0 (Windows NT 10.0; Win64; x64) AppleWebKit/537.36 (KHTML, like Gecko) Chrome/72.0.3626.119 Safari/537.36"
[2019-03-08T02:35:05.674] [INFO] access - ::1 - - "GET /api/v1/category/list HTTP/1.1" 200 178 "http://localhost:8080/category/list" "Mozilla/5.0 (Windows NT 10.0; Win64; x64) AppleWebKit/537.36 (KHTML, like Gecko) Chrome/72.0.3626.119 Safari/537.36"
[2019-03-08T02:35:12.284] [INFO] access - ::1 - - "GET /api/v1/user/info HTTP/1.1" 200 114 "http://localhost:8080/category/list" "Mozilla/5.0 (Windows NT 10.0; Win64; x64) AppleWebKit/537.36 (KHTML, like Gecko) Chrome/72.0.3626.119 Safari/537.36"
[2019-03-08T02:35:12.342] [INFO] access - ::1 - - "GET /api/v1/category/list HTTP/1.1" 200 178 "http://localhost:8080/category/list" "Mozilla/5.0 (Windows NT 10.0; Win64; x64) AppleWebKit/537.36 (KHTML, like Gecko) Chrome/72.0.3626.119 Safari/537.36"
[2019-03-08T02:35:30.491] [INFO] access - ::1 - - "GET /api/v1/user/info HTTP/1.1" 200 114 "http://localhost:8080/category/list" "Mozilla/5.0 (Windows NT 10.0; Win64; x64) AppleWebKit/537.36 (KHTML, like Gecko) Chrome/72.0.3626.119 Safari/537.36"
[2019-03-08T02:35:30.549] [INFO] access - ::1 - - "GET /api/v1/category/list HTTP/1.1" 200 178 "http://localhost:8080/category/list" "Mozilla/5.0 (Windows NT 10.0; Win64; x64) AppleWebKit/537.36 (KHTML, like Gecko) Chrome/72.0.3626.119 Safari/537.36"
[2019-03-08T02:36:06.422] [INFO] access - ::1 - - "GET /api/v1/category/list HTTP/1.1" 200 178 "http://localhost:8080/category/list" "Mozilla/5.0 (Windows NT 10.0; Win64; x64) AppleWebKit/537.36 (KHTML, like Gecko) Chrome/72.0.3626.119 Safari/537.36"
[2019-03-08T02:37:31.890] [INFO] access - ::1 - - "GET /api/v1/category/list HTTP/1.1" 200 178 "http://localhost:8080/category/list" "Mozilla/5.0 (Windows NT 10.0; Win64; x64) AppleWebKit/537.36 (KHTML, like Gecko) Chrome/72.0.3626.119 Safari/537.36"
[2019-03-08T02:37:41.187] [INFO] access - ::1 - - "GET /api/v1/category/list HTTP/1.1" 200 178 "http://localhost:8080/category/list" "Mozilla/5.0 (Windows NT 10.0; Win64; x64) AppleWebKit/537.36 (KHTML, like Gecko) Chrome/72.0.3626.119 Safari/537.36"
[2019-03-08T02:37:49.443] [INFO] access - ::1 - - "GET /api/v1/category/list HTTP/1.1" 200 178 "http://localhost:8080/category/list" "Mozilla/5.0 (Windows NT 10.0; Win64; x64) AppleWebKit/537.36 (KHTML, like Gecko) Chrome/72.0.3626.119 Safari/537.36"
[2019-03-08T02:38:49.378] [INFO] access - ::1 - - "GET /api/v1/category/list HTTP/1.1" 200 178 "http://localhost:8080/category/list" "Mozilla/5.0 (Windows NT 10.0; Win64; x64) AppleWebKit/537.36 (KHTML, like Gecko) Chrome/72.0.3626.119 Safari/537.36"
[2019-03-08T02:39:08.854] [INFO] access - ::1 - - "GET /api/v1/category/list HTTP/1.1" 200 178 "http://localhost:8080/category/list" "Mozilla/5.0 (Windows NT 10.0; Win64; x64) AppleWebKit/537.36 (KHTML, like Gecko) Chrome/72.0.3626.119 Safari/537.36"
[2019-03-08T02:39:19.066] [INFO] access - ::1 - - "GET /api/v1/user/info HTTP/1.1" 200 114 "http://localhost:8080/category/list" "Mozilla/5.0 (Windows NT 10.0; Win64; x64) AppleWebKit/537.36 (KHTML, like Gecko) Chrome/72.0.3626.119 Safari/537.36"
[2019-03-08T02:39:30.076] [INFO] access - ::1 - - "GET /api/v1/category/list HTTP/1.1" 200 178 "http://localhost:8080/category/list" "Mozilla/5.0 (Windows NT 10.0; Win64; x64) AppleWebKit/537.36 (KHTML, like Gecko) Chrome/72.0.3626.119 Safari/537.36"
[2019-03-08T02:39:39.599] [INFO] access - ::1 - - "GET /api/v1/article/list HTTP/1.1" 200 542 "http://localhost:8080/article/list" "Mozilla/5.0 (Windows NT 10.0; Win64; x64) AppleWebKit/537.36 (KHTML, like Gecko) Chrome/72.0.3626.119 Safari/537.36"
[2019-03-08T02:39:53.767] [INFO] access - ::1 - - "GET /api/v1/category/list HTTP/1.1" 200 178 "http://localhost:8080/category/list" "Mozilla/5.0 (Windows NT 10.0; Win64; x64) AppleWebKit/537.36 (KHTML, like Gecko) Chrome/72.0.3626.119 Safari/537.36"
[2019-03-08T02:40:22.261] [INFO] access - ::1 - - "GET /api/v1/category/list HTTP/1.1" 200 178 "http://localhost:8080/category/list" "Mozilla/5.0 (Windows NT 10.0; Win64; x64) AppleWebKit/537.36 (KHTML, like Gecko) Chrome/72.0.3626.119 Safari/537.36"
[2019-03-08T02:40:26.968] [INFO] access - ::1 - - "GET /api/v1/category/detail/undefined HTTP/1.1" 412 56 "http://localhost:8080/category/update/undefined" "Mozilla/5.0 (Windows NT 10.0; Win64; x64) AppleWebKit/537.36 (KHTML, like Gecko) Chrome/72.0.3626.119 Safari/537.36"
[2019-03-08T02:40:44.836] [INFO] access - ::1 - - "GET /api/v1/category/list HTTP/1.1" 200 178 "http://localhost:8080/category/list" "Mozilla/5.0 (Windows NT 10.0; Win64; x64) AppleWebKit/537.36 (KHTML, like Gecko) Chrome/72.0.3626.119 Safari/537.36"
[2019-03-08T02:41:26.692] [INFO] access - ::1 - - "GET /api/v1/category/list HTTP/1.1" 200 178 "http://localhost:8080/category/list" "Mozilla/5.0 (Windows NT 10.0; Win64; x64) AppleWebKit/537.36 (KHTML, like Gecko) Chrome/72.0.3626.119 Safari/537.36"
[2019-03-08T02:41:35.016] [INFO] access - ::1 - - "GET /api/v1/category/list HTTP/1.1" 200 178 "http://localhost:8080/category/list" "Mozilla/5.0 (Windows NT 10.0; Win64; x64) AppleWebKit/537.36 (KHTML, like Gecko) Chrome/72.0.3626.119 Safari/537.36"
[2019-03-08T02:43:12.991] [INFO] access - ::1 - - "GET /api/v1/category/list/0 HTTP/1.1" 412 65 "http://localhost:8080/category/list" "Mozilla/5.0 (Windows NT 10.0; Win64; x64) AppleWebKit/537.36 (KHTML, like Gecko) Chrome/72.0.3626.119 Safari/537.36"
[2019-03-08T02:43:12.994] [INFO] access - ::1 - - "GET /api/v1/category/list HTTP/1.1" 200 178 "http://localhost:8080/category/list" "Mozilla/5.0 (Windows NT 10.0; Win64; x64) AppleWebKit/537.36 (KHTML, like Gecko) Chrome/72.0.3626.119 Safari/537.36"
[2019-03-08T02:43:14.531] [INFO] access - ::1 - - "POST /api/v1/user/login HTTP/1.1" 200 294 "http://localhost:8080/login" "Mozilla/5.0 (Windows NT 10.0; Win64; x64) AppleWebKit/537.36 (KHTML, like Gecko) Chrome/72.0.3626.119 Safari/537.36"
[2019-03-08T02:43:14.944] [INFO] access - ::1 - - "GET /api/v1/user/info HTTP/1.1" 200 114 "http://localhost:8080/user/index" "Mozilla/5.0 (Windows NT 10.0; Win64; x64) AppleWebKit/537.36 (KHTML, like Gecko) Chrome/72.0.3626.119 Safari/537.36"
[2019-03-08T02:43:17.537] [INFO] access - ::1 - - "GET /api/v1/category/list/0 HTTP/1.1" 412 65 "http://localhost:8080/category/list" "Mozilla/5.0 (Windows NT 10.0; Win64; x64) AppleWebKit/537.36 (KHTML, like Gecko) Chrome/72.0.3626.119 Safari/537.36"
[2019-03-08T02:43:17.544] [INFO] access - ::1 - - "GET /api/v1/category/list HTTP/1.1" 200 178 "http://localhost:8080/category/list" "Mozilla/5.0 (Windows NT 10.0; Win64; x64) AppleWebKit/537.36 (KHTML, like Gecko) Chrome/72.0.3626.119 Safari/537.36"
[2019-03-08T02:43:34.840] [INFO] access - ::1 - - "GET /api/v1/category/list HTTP/1.1" 200 178 "http://localhost:8080/category/list" "Mozilla/5.0 (Windows NT 10.0; Win64; x64) AppleWebKit/537.36 (KHTML, like Gecko) Chrome/72.0.3626.119 Safari/537.36"
[2019-03-08T02:43:34.842] [INFO] access - ::1 - - "GET /api/v1/category/list/0 HTTP/1.1" 200 166 "http://localhost:8080/category/list" "Mozilla/5.0 (Windows NT 10.0; Win64; x64) AppleWebKit/537.36 (KHTML, like Gecko) Chrome/72.0.3626.119 Safari/537.36"
[2019-03-08T02:44:58.480] [INFO] access - ::1 - - "POST /api/v1/category/create HTTP/1.1" 200 140 "http://localhost:8080/category/create" "Mozilla/5.0 (Windows NT 10.0; Win64; x64) AppleWebKit/537.36 (KHTML, like Gecko) Chrome/72.0.3626.119 Safari/537.36"
[2019-03-08T02:44:59.168] [INFO] access - ::1 - - "GET /api/v1/user/info HTTP/1.1" 200 114 "http://localhost:8080/category/list" "Mozilla/5.0 (Windows NT 10.0; Win64; x64) AppleWebKit/537.36 (KHTML, like Gecko) Chrome/72.0.3626.119 Safari/537.36"
[2019-03-08T02:44:59.239] [INFO] access - ::1 - - "GET /api/v1/category/list HTTP/1.1" 200 272 "http://localhost:8080/category/list" "Mozilla/5.0 (Windows NT 10.0; Win64; x64) AppleWebKit/537.36 (KHTML, like Gecko) Chrome/72.0.3626.119 Safari/537.36"
[2019-03-08T02:44:59.241] [INFO] access - ::1 - - "GET /api/v1/category/list/0 HTTP/1.1" 200 260 "http://localhost:8080/category/list" "Mozilla/5.0 (Windows NT 10.0; Win64; x64) AppleWebKit/537.36 (KHTML, like Gecko) Chrome/72.0.3626.119 Safari/537.36"
[2019-03-08T02:45:07.290] [INFO] access - ::1 - - "GET /api/v1/user/info HTTP/1.1" 200 114 "http://localhost:8080/category/create" "Mozilla/5.0 (Windows NT 10.0; Win64; x64) AppleWebKit/537.36 (KHTML, like Gecko) Chrome/72.0.3626.119 Safari/537.36"
[2019-03-08T02:45:09.887] [INFO] access - ::1 - - "POST /api/v1/category/create HTTP/1.1" 200 141 "http://localhost:8080/category/create" "Mozilla/5.0 (Windows NT 10.0; Win64; x64) AppleWebKit/537.36 (KHTML, like Gecko) Chrome/72.0.3626.119 Safari/537.36"
[2019-03-08T02:45:10.374] [INFO] access - ::1 - - "GET /api/v1/user/info HTTP/1.1" 200 114 "http://localhost:8080/category/list" "Mozilla/5.0 (Windows NT 10.0; Win64; x64) AppleWebKit/537.36 (KHTML, like Gecko) Chrome/72.0.3626.119 Safari/537.36"
[2019-03-08T02:45:10.452] [INFO] access - ::1 - - "GET /api/v1/category/list HTTP/1.1" 200 367 "http://localhost:8080/category/list" "Mozilla/5.0 (Windows NT 10.0; Win64; x64) AppleWebKit/537.36 (KHTML, like Gecko) Chrome/72.0.3626.119 Safari/537.36"
[2019-03-08T02:45:10.452] [INFO] access - ::1 - - "GET /api/v1/category/list/0 HTTP/1.1" 200 355 "http://localhost:8080/category/list" "Mozilla/5.0 (Windows NT 10.0; Win64; x64) AppleWebKit/537.36 (KHTML, like Gecko) Chrome/72.0.3626.119 Safari/537.36"
[2019-03-08T02:45:16.125] [INFO] access - ::1 - - "POST /api/v1/category/create HTTP/1.1" 200 140 "http://localhost:8080/category/create" "Mozilla/5.0 (Windows NT 10.0; Win64; x64) AppleWebKit/537.36 (KHTML, like Gecko) Chrome/72.0.3626.119 Safari/537.36"
[2019-03-08T02:45:16.609] [INFO] access - ::1 - - "GET /api/v1/user/info HTTP/1.1" 200 114 "http://localhost:8080/category/list" "Mozilla/5.0 (Windows NT 10.0; Win64; x64) AppleWebKit/537.36 (KHTML, like Gecko) Chrome/72.0.3626.119 Safari/537.36"
[2019-03-08T02:45:16.689] [INFO] access - ::1 - - "GET /api/v1/category/list HTTP/1.1" 200 461 "http://localhost:8080/category/list" "Mozilla/5.0 (Windows NT 10.0; Win64; x64) AppleWebKit/537.36 (KHTML, like Gecko) Chrome/72.0.3626.119 Safari/537.36"
[2019-03-08T02:45:16.690] [INFO] access - ::1 - - "GET /api/v1/category/list/0 HTTP/1.1" 200 449 "http://localhost:8080/category/list" "Mozilla/5.0 (Windows NT 10.0; Win64; x64) AppleWebKit/537.36 (KHTML, like Gecko) Chrome/72.0.3626.119 Safari/537.36"
[2019-03-08T02:45:39.872] [INFO] access - ::1 - - "POST /api/v1/category/create HTTP/1.1" 200 141 "http://localhost:8080/category/create" "Mozilla/5.0 (Windows NT 10.0; Win64; x64) AppleWebKit/537.36 (KHTML, like Gecko) Chrome/72.0.3626.119 Safari/537.36"
[2019-03-08T02:45:40.556] [INFO] access - ::1 - - "GET /api/v1/user/info HTTP/1.1" 200 114 "http://localhost:8080/category/list" "Mozilla/5.0 (Windows NT 10.0; Win64; x64) AppleWebKit/537.36 (KHTML, like Gecko) Chrome/72.0.3626.119 Safari/537.36"
[2019-03-08T02:45:40.626] [INFO] access - ::1 - - "GET /api/v1/category/list HTTP/1.1" 200 556 "http://localhost:8080/category/list" "Mozilla/5.0 (Windows NT 10.0; Win64; x64) AppleWebKit/537.36 (KHTML, like Gecko) Chrome/72.0.3626.119 Safari/537.36"
[2019-03-08T02:45:40.627] [INFO] access - ::1 - - "GET /api/v1/category/list/0 HTTP/1.1" 200 544 "http://localhost:8080/category/list" "Mozilla/5.0 (Windows NT 10.0; Win64; x64) AppleWebKit/537.36 (KHTML, like Gecko) Chrome/72.0.3626.119 Safari/537.36"
[2019-03-08T02:46:55.857] [INFO] access - ::1 - - "GET /api/v1/category/detail/undefined HTTP/1.1" 412 56 "http://localhost:8080/category/update/undefined" "Mozilla/5.0 (Windows NT 10.0; Win64; x64) AppleWebKit/537.36 (KHTML, like Gecko) Chrome/72.0.3626.119 Safari/537.36"
[2019-03-08T02:47:01.236] [INFO] access - ::1 - - "POST /api/v1/category/create HTTP/1.1" 200 143 "http://localhost:8080/category/create" "Mozilla/5.0 (Windows NT 10.0; Win64; x64) AppleWebKit/537.36 (KHTML, like Gecko) Chrome/72.0.3626.119 Safari/537.36"
[2019-03-08T02:47:01.781] [INFO] access - ::1 - - "GET /api/v1/user/info HTTP/1.1" 200 114 "http://localhost:8080/category/list" "Mozilla/5.0 (Windows NT 10.0; Win64; x64) AppleWebKit/537.36 (KHTML, like Gecko) Chrome/72.0.3626.119 Safari/537.36"
[2019-03-08T02:47:01.855] [INFO] access - ::1 - - "GET /api/v1/category/list HTTP/1.1" 200 653 "http://localhost:8080/category/list" "Mozilla/5.0 (Windows NT 10.0; Win64; x64) AppleWebKit/537.36 (KHTML, like Gecko) Chrome/72.0.3626.119 Safari/537.36"
[2019-03-08T02:47:01.858] [INFO] access - ::1 - - "GET /api/v1/category/list/0 HTTP/1.1" 200 641 "http://localhost:8080/category/list" "Mozilla/5.0 (Windows NT 10.0; Win64; x64) AppleWebKit/537.36 (KHTML, like Gecko) Chrome/72.0.3626.119 Safari/537.36"
[2019-03-08T02:48:13.859] [INFO] access - ::1 - - "POST /api/v1/category/create HTTP/1.1" 200 141 "http://localhost:8080/category/create" "Mozilla/5.0 (Windows NT 10.0; Win64; x64) AppleWebKit/537.36 (KHTML, like Gecko) Chrome/72.0.3626.119 Safari/537.36"
[2019-03-08T02:48:14.371] [INFO] access - ::1 - - "GET /api/v1/user/info HTTP/1.1" 200 114 "http://localhost:8080/category/list" "Mozilla/5.0 (Windows NT 10.0; Win64; x64) AppleWebKit/537.36 (KHTML, like Gecko) Chrome/72.0.3626.119 Safari/537.36"
[2019-03-08T02:48:14.439] [INFO] access - ::1 - - "GET /api/v1/category/list HTTP/1.1" 200 748 "http://localhost:8080/category/list" "Mozilla/5.0 (Windows NT 10.0; Win64; x64) AppleWebKit/537.36 (KHTML, like Gecko) Chrome/72.0.3626.119 Safari/537.36"
[2019-03-08T02:48:14.440] [INFO] access - ::1 - - "GET /api/v1/category/list/0 HTTP/1.1" 200 736 "http://localhost:8080/category/list" "Mozilla/5.0 (Windows NT 10.0; Win64; x64) AppleWebKit/537.36 (KHTML, like Gecko) Chrome/72.0.3626.119 Safari/537.36"
[2019-03-08T02:49:08.558] [INFO] access - ::1 - - "POST /api/v1/category/create HTTP/1.1" 200 133 "http://localhost:8080/category/create" "Mozilla/5.0 (Windows NT 10.0; Win64; x64) AppleWebKit/537.36 (KHTML, like Gecko) Chrome/72.0.3626.119 Safari/537.36"
[2019-03-08T02:49:09.245] [INFO] access - ::1 - - "GET /api/v1/user/info HTTP/1.1" 200 114 "http://localhost:8080/category/list" "Mozilla/5.0 (Windows NT 10.0; Win64; x64) AppleWebKit/537.36 (KHTML, like Gecko) Chrome/72.0.3626.119 Safari/537.36"
[2019-03-08T02:49:09.319] [INFO] access - ::1 - - "GET /api/v1/category/list HTTP/1.1" 200 835 "http://localhost:8080/category/list" "Mozilla/5.0 (Windows NT 10.0; Win64; x64) AppleWebKit/537.36 (KHTML, like Gecko) Chrome/72.0.3626.119 Safari/537.36"
[2019-03-08T02:49:09.320] [INFO] access - ::1 - - "GET /api/v1/category/list/0 HTTP/1.1" 200 823 "http://localhost:8080/category/list" "Mozilla/5.0 (Windows NT 10.0; Win64; x64) AppleWebKit/537.36 (KHTML, like Gecko) Chrome/72.0.3626.119 Safari/537.36"
[2019-03-08T02:49:42.130] [INFO] access - ::1 - - "POST /api/v1/category/create HTTP/1.1" 200 138 "http://localhost:8080/category/create" "Mozilla/5.0 (Windows NT 10.0; Win64; x64) AppleWebKit/537.36 (KHTML, like Gecko) Chrome/72.0.3626.119 Safari/537.36"
[2019-03-08T02:49:43.125] [INFO] access - ::1 - - "GET /api/v1/user/info HTTP/1.1" 200 114 "http://localhost:8080/category/list" "Mozilla/5.0 (Windows NT 10.0; Win64; x64) AppleWebKit/537.36 (KHTML, like Gecko) Chrome/72.0.3626.119 Safari/537.36"
[2019-03-08T02:49:43.204] [INFO] access - ::1 - - "GET /api/v1/category/list HTTP/1.1" 200 927 "http://localhost:8080/category/list" "Mozilla/5.0 (Windows NT 10.0; Win64; x64) AppleWebKit/537.36 (KHTML, like Gecko) Chrome/72.0.3626.119 Safari/537.36"
[2019-03-08T02:49:43.212] [INFO] access - ::1 - - "GET /api/v1/category/list/0 HTTP/1.1" 200 915 "http://localhost:8080/category/list" "Mozilla/5.0 (Windows NT 10.0; Win64; x64) AppleWebKit/537.36 (KHTML, like Gecko) Chrome/72.0.3626.119 Safari/537.36"
[2019-03-08T02:49:54.212] [INFO] access - ::1 - - "POST /api/v1/category/create HTTP/1.1" 200 140 "http://localhost:8080/category/create" "Mozilla/5.0 (Windows NT 10.0; Win64; x64) AppleWebKit/537.36 (KHTML, like Gecko) Chrome/72.0.3626.119 Safari/537.36"
[2019-03-08T02:49:54.750] [INFO] access - ::1 - - "GET /api/v1/user/info HTTP/1.1" 200 114 "http://localhost:8080/category/list" "Mozilla/5.0 (Windows NT 10.0; Win64; x64) AppleWebKit/537.36 (KHTML, like Gecko) Chrome/72.0.3626.119 Safari/537.36"
[2019-03-08T02:49:54.827] [INFO] access - ::1 - - "GET /api/v1/category/list HTTP/1.1" 200 1021 "http://localhost:8080/category/list" "Mozilla/5.0 (Windows NT 10.0; Win64; x64) AppleWebKit/537.36 (KHTML, like Gecko) Chrome/72.0.3626.119 Safari/537.36"
[2019-03-08T02:49:54.830] [INFO] access - ::1 - - "GET /api/v1/category/list/0 HTTP/1.1" 200 1009 "http://localhost:8080/category/list" "Mozilla/5.0 (Windows NT 10.0; Win64; x64) AppleWebKit/537.36 (KHTML, like Gecko) Chrome/72.0.3626.119 Safari/537.36"
[2019-03-08T02:50:13.802] [INFO] access - ::1 - - "GET /api/v1/user/info HTTP/1.1" 200 114 "http://localhost:8080/category/list" "Mozilla/5.0 (Windows NT 10.0; Win64; x64) AppleWebKit/537.36 (KHTML, like Gecko) Chrome/72.0.3626.119 Safari/537.36"
[2019-03-08T02:50:13.875] [INFO] access - ::1 - - "GET /api/v1/category/list HTTP/1.1" 200 1021 "http://localhost:8080/category/list" "Mozilla/5.0 (Windows NT 10.0; Win64; x64) AppleWebKit/537.36 (KHTML, like Gecko) Chrome/72.0.3626.119 Safari/537.36"
[2019-03-08T02:50:13.876] [INFO] access - ::1 - - "GET /api/v1/category/list/0 HTTP/1.1" 200 1009 "http://localhost:8080/category/list" "Mozilla/5.0 (Windows NT 10.0; Win64; x64) AppleWebKit/537.36 (KHTML, like Gecko) Chrome/72.0.3626.119 Safari/537.36"
[2019-03-08T02:50:55.344] [INFO] access - ::1 - - "POST /api/v1/category/create HTTP/1.1" 200 137 "http://localhost:8080/category/create" "Mozilla/5.0 (Windows NT 10.0; Win64; x64) AppleWebKit/537.36 (KHTML, like Gecko) Chrome/72.0.3626.119 Safari/537.36"
[2019-03-08T02:50:55.831] [INFO] access - ::1 - - "GET /api/v1/user/info HTTP/1.1" 200 114 "http://localhost:8080/category/list" "Mozilla/5.0 (Windows NT 10.0; Win64; x64) AppleWebKit/537.36 (KHTML, like Gecko) Chrome/72.0.3626.119 Safari/537.36"
[2019-03-08T02:50:55.905] [INFO] access - ::1 - - "GET /api/v1/category/list HTTP/1.1" 200 1112 "http://localhost:8080/category/list" "Mozilla/5.0 (Windows NT 10.0; Win64; x64) AppleWebKit/537.36 (KHTML, like Gecko) Chrome/72.0.3626.119 Safari/537.36"
[2019-03-08T02:50:55.906] [INFO] access - ::1 - - "GET /api/v1/category/list/0 HTTP/1.1" 200 1100 "http://localhost:8080/category/list" "Mozilla/5.0 (Windows NT 10.0; Win64; x64) AppleWebKit/537.36 (KHTML, like Gecko) Chrome/72.0.3626.119 Safari/537.36"
[2019-03-08T02:51:24.469] [INFO] access - ::1 - - "POST /api/v1/category/create HTTP/1.1" 200 139 "http://localhost:8080/category/create" "Mozilla/5.0 (Windows NT 10.0; Win64; x64) AppleWebKit/537.36 (KHTML, like Gecko) Chrome/72.0.3626.119 Safari/537.36"
[2019-03-08T02:51:24.968] [INFO] access - ::1 - - "GET /api/v1/user/info HTTP/1.1" 200 114 "http://localhost:8080/category/list" "Mozilla/5.0 (Windows NT 10.0; Win64; x64) AppleWebKit/537.36 (KHTML, like Gecko) Chrome/72.0.3626.119 Safari/537.36"
[2019-03-08T02:51:25.045] [INFO] access - ::1 - - "GET /api/v1/category/list HTTP/1.1" 200 1205 "http://localhost:8080/category/list" "Mozilla/5.0 (Windows NT 10.0; Win64; x64) AppleWebKit/537.36 (KHTML, like Gecko) Chrome/72.0.3626.119 Safari/537.36"
[2019-03-08T02:51:25.046] [INFO] access - ::1 - - "GET /api/v1/category/list/0 HTTP/1.1" 200 1193 "http://localhost:8080/category/list" "Mozilla/5.0 (Windows NT 10.0; Win64; x64) AppleWebKit/537.36 (KHTML, like Gecko) Chrome/72.0.3626.119 Safari/537.36"
[2019-03-08T02:52:41.689] [INFO] access - ::1 - - "POST /api/v1/category/create HTTP/1.1" 200 138 "http://localhost:8080/category/create" "Mozilla/5.0 (Windows NT 10.0; Win64; x64) AppleWebKit/537.36 (KHTML, like Gecko) Chrome/72.0.3626.119 Safari/537.36"
[2019-03-08T02:52:42.168] [INFO] access - ::1 - - "GET /api/v1/user/info HTTP/1.1" 200 114 "http://localhost:8080/category/list" "Mozilla/5.0 (Windows NT 10.0; Win64; x64) AppleWebKit/537.36 (KHTML, like Gecko) Chrome/72.0.3626.119 Safari/537.36"
[2019-03-08T02:52:42.239] [INFO] access - ::1 - - "GET /api/v1/category/list HTTP/1.1" 200 1297 "http://localhost:8080/category/list" "Mozilla/5.0 (Windows NT 10.0; Win64; x64) AppleWebKit/537.36 (KHTML, like Gecko) Chrome/72.0.3626.119 Safari/537.36"
[2019-03-08T02:52:42.241] [INFO] access - ::1 - - "GET /api/v1/category/list/0 HTTP/1.1" 200 1285 "http://localhost:8080/category/list" "Mozilla/5.0 (Windows NT 10.0; Win64; x64) AppleWebKit/537.36 (KHTML, like Gecko) Chrome/72.0.3626.119 Safari/537.36"
[2019-03-08T02:53:25.924] [INFO] access - ::1 - - "GET /api/v1/category/list HTTP/1.1" 200 71 "http://localhost:8080/category/list" "Mozilla/5.0 (Windows NT 10.0; Win64; x64) AppleWebKit/537.36 (KHTML, like Gecko) Chrome/72.0.3626.119 Safari/537.36"
[2019-03-08T02:53:25.927] [INFO] access - ::1 - - "GET /api/v1/category/list/0 HTTP/1.1" 200 59 "http://localhost:8080/category/list" "Mozilla/5.0 (Windows NT 10.0; Win64; x64) AppleWebKit/537.36 (KHTML, like Gecko) Chrome/72.0.3626.119 Safari/537.36"
[2019-03-08T02:53:32.507] [INFO] access - ::1 - - "POST /api/v1/category/create HTTP/1.1" 200 141 "http://localhost:8080/category/create" "Mozilla/5.0 (Windows NT 10.0; Win64; x64) AppleWebKit/537.36 (KHTML, like Gecko) Chrome/72.0.3626.119 Safari/537.36"
[2019-03-08T02:53:33.003] [INFO] access - ::1 - - "GET /api/v1/user/info HTTP/1.1" 200 114 "http://localhost:8080/category/list" "Mozilla/5.0 (Windows NT 10.0; Win64; x64) AppleWebKit/537.36 (KHTML, like Gecko) Chrome/72.0.3626.119 Safari/537.36"
[2019-03-08T02:53:33.073] [INFO] access - ::1 - - "GET /api/v1/category/list HTTP/1.1" 200 168 "http://localhost:8080/category/list" "Mozilla/5.0 (Windows NT 10.0; Win64; x64) AppleWebKit/537.36 (KHTML, like Gecko) Chrome/72.0.3626.119 Safari/537.36"
[2019-03-08T02:53:33.074] [INFO] access - ::1 - - "GET /api/v1/category/list/0 HTTP/1.1" 200 156 "http://localhost:8080/category/list" "Mozilla/5.0 (Windows NT 10.0; Win64; x64) AppleWebKit/537.36 (KHTML, like Gecko) Chrome/72.0.3626.119 Safari/537.36"
[2019-03-08T02:53:37.751] [INFO] access - ::1 - - "POST /api/v1/category/create HTTP/1.1" 200 144 "http://localhost:8080/category/create" "Mozilla/5.0 (Windows NT 10.0; Win64; x64) AppleWebKit/537.36 (KHTML, like Gecko) Chrome/72.0.3626.119 Safari/537.36"
[2019-03-08T02:53:38.245] [INFO] access - ::1 - - "GET /api/v1/user/info HTTP/1.1" 200 114 "http://localhost:8080/category/list" "Mozilla/5.0 (Windows NT 10.0; Win64; x64) AppleWebKit/537.36 (KHTML, like Gecko) Chrome/72.0.3626.119 Safari/537.36"
[2019-03-08T02:53:38.315] [INFO] access - ::1 - - "GET /api/v1/category/list HTTP/1.1" 200 266 "http://localhost:8080/category/list" "Mozilla/5.0 (Windows NT 10.0; Win64; x64) AppleWebKit/537.36 (KHTML, like Gecko) Chrome/72.0.3626.119 Safari/537.36"
[2019-03-08T02:53:38.316] [INFO] access - ::1 - - "GET /api/v1/category/list/0 HTTP/1.1" 200 254 "http://localhost:8080/category/list" "Mozilla/5.0 (Windows NT 10.0; Win64; x64) AppleWebKit/537.36 (KHTML, like Gecko) Chrome/72.0.3626.119 Safari/537.36"
[2019-03-08T02:53:42.171] [INFO] access - ::1 - - "POST /api/v1/category/create HTTP/1.1" 200 142 "http://localhost:8080/category/create" "Mozilla/5.0 (Windows NT 10.0; Win64; x64) AppleWebKit/537.36 (KHTML, like Gecko) Chrome/72.0.3626.119 Safari/537.36"
[2019-03-08T02:53:42.571] [INFO] access - ::1 - - "GET /api/v1/user/info HTTP/1.1" 200 114 "http://localhost:8080/category/list" "Mozilla/5.0 (Windows NT 10.0; Win64; x64) AppleWebKit/537.36 (KHTML, like Gecko) Chrome/72.0.3626.119 Safari/537.36"
[2019-03-08T02:53:42.709] [INFO] access - ::1 - - "GET /api/v1/category/list HTTP/1.1" 200 362 "http://localhost:8080/category/list" "Mozilla/5.0 (Windows NT 10.0; Win64; x64) AppleWebKit/537.36 (KHTML, like Gecko) Chrome/72.0.3626.119 Safari/537.36"
[2019-03-08T02:53:42.710] [INFO] access - ::1 - - "GET /api/v1/category/list/0 HTTP/1.1" 200 254 "http://localhost:8080/category/list" "Mozilla/5.0 (Windows NT 10.0; Win64; x64) AppleWebKit/537.36 (KHTML, like Gecko) Chrome/72.0.3626.119 Safari/537.36"
[2019-03-08T09:48:02.296] [INFO] access - ::1 - - "GET /api/v1/category/list HTTP/1.1" 200 362 "http://localhost:8080/category/list" "Mozilla/5.0 (Windows NT 10.0; Win64; x64) AppleWebKit/537.36 (KHTML, like Gecko) Chrome/72.0.3626.119 Safari/537.36"
[2019-03-08T09:48:02.298] [INFO] access - ::1 - - "GET /api/v1/category/list/0 HTTP/1.1" 200 254 "http://localhost:8080/category/list" "Mozilla/5.0 (Windows NT 10.0; Win64; x64) AppleWebKit/537.36 (KHTML, like Gecko) Chrome/72.0.3626.119 Safari/537.36"
[2019-03-08T09:49:11.055] [INFO] access - ::1 - - "GET /api/v1/category/list HTTP/1.1" 200 362 "http://localhost:8080/category/list" "Mozilla/5.0 (Windows NT 10.0; Win64; x64) AppleWebKit/537.36 (KHTML, like Gecko) Chrome/72.0.3626.119 Safari/537.36"
[2019-03-08T09:49:11.056] [INFO] access - ::1 - - "GET /api/v1/category/list/0 HTTP/1.1" 200 254 "http://localhost:8080/category/list" "Mozilla/5.0 (Windows NT 10.0; Win64; x64) AppleWebKit/537.36 (KHTML, like Gecko) Chrome/72.0.3626.119 Safari/537.36"
[2019-03-08T09:49:24.055] [INFO] access - ::1 - - "POST /api/v1/user/login HTTP/1.1" 200 294 "http://localhost:8080/login" "Mozilla/5.0 (Windows NT 10.0; Win64; x64) AppleWebKit/537.36 (KHTML, like Gecko) Chrome/72.0.3626.119 Safari/537.36"
[2019-03-08T09:49:24.532] [INFO] access - ::1 - - "GET /api/v1/user/info HTTP/1.1" 200 114 "http://localhost:8080/user/index" "Mozilla/5.0 (Windows NT 10.0; Win64; x64) AppleWebKit/537.36 (KHTML, like Gecko) Chrome/72.0.3626.119 Safari/537.36"
[2019-03-08T09:49:26.703] [INFO] access - ::1 - - "GET /api/v1/category/list HTTP/1.1" 200 362 "http://localhost:8080/category/list" "Mozilla/5.0 (Windows NT 10.0; Win64; x64) AppleWebKit/537.36 (KHTML, like Gecko) Chrome/72.0.3626.119 Safari/537.36"
[2019-03-08T09:49:26.705] [INFO] access - ::1 - - "GET /api/v1/category/list/0 HTTP/1.1" 200 254 "http://localhost:8080/category/list" "Mozilla/5.0 (Windows NT 10.0; Win64; x64) AppleWebKit/537.36 (KHTML, like Gecko) Chrome/72.0.3626.119 Safari/537.36"
[2019-03-08T09:49:36.548] [INFO] access - ::1 - - "POST /api/v1/category/create HTTP/1.1" 200 145 "http://localhost:8080/category/create" "Mozilla/5.0 (Windows NT 10.0; Win64; x64) AppleWebKit/537.36 (KHTML, like Gecko) Chrome/72.0.3626.119 Safari/537.36"
[2019-03-08T09:49:37.343] [INFO] access - ::1 - - "GET /api/v1/user/info HTTP/1.1" 200 114 "http://localhost:8080/category/list" "Mozilla/5.0 (Windows NT 10.0; Win64; x64) AppleWebKit/537.36 (KHTML, like Gecko) Chrome/72.0.3626.119 Safari/537.36"
[2019-03-08T09:49:37.414] [INFO] access - ::1 - - "GET /api/v1/category/list HTTP/1.1" 200 461 "http://localhost:8080/category/list" "Mozilla/5.0 (Windows NT 10.0; Win64; x64) AppleWebKit/537.36 (KHTML, like Gecko) Chrome/72.0.3626.119 Safari/537.36"
[2019-03-08T09:49:37.415] [INFO] access - ::1 - - "GET /api/v1/category/list/0 HTTP/1.1" 200 254 "http://localhost:8080/category/list" "Mozilla/5.0 (Windows NT 10.0; Win64; x64) AppleWebKit/537.36 (KHTML, like Gecko) Chrome/72.0.3626.119 Safari/537.36"
[2019-03-08T09:52:08.185] [INFO] access - ::1 - - "GET /api/v1/category/list HTTP/1.1" 200 461 "http://localhost:8080/category/list" "Mozilla/5.0 (Windows NT 10.0; Win64; x64) AppleWebKit/537.36 (KHTML, like Gecko) Chrome/72.0.3626.119 Safari/537.36"
[2019-03-08T09:52:08.186] [INFO] access - ::1 - - "GET /api/v1/category/list/0 HTTP/1.1" 200 254 "http://localhost:8080/category/list" "Mozilla/5.0 (Windows NT 10.0; Win64; x64) AppleWebKit/537.36 (KHTML, like Gecko) Chrome/72.0.3626.119 Safari/537.36"
[2019-03-08T09:53:03.457] [INFO] access - ::1 - - "GET /api/v1/user/info HTTP/1.1" 200 114 "http://localhost:8080/category/list" "Mozilla/5.0 (Windows NT 10.0; Win64; x64) AppleWebKit/537.36 (KHTML, like Gecko) Chrome/72.0.3626.119 Safari/537.36"
[2019-03-08T09:53:03.532] [INFO] access - ::1 - - "GET /api/v1/category/list HTTP/1.1" 200 461 "http://localhost:8080/category/list" "Mozilla/5.0 (Windows NT 10.0; Win64; x64) AppleWebKit/537.36 (KHTML, like Gecko) Chrome/72.0.3626.119 Safari/537.36"
[2019-03-08T09:53:03.533] [INFO] access - ::1 - - "GET /api/v1/category/list/0 HTTP/1.1" 200 254 "http://localhost:8080/category/list" "Mozilla/5.0 (Windows NT 10.0; Win64; x64) AppleWebKit/537.36 (KHTML, like Gecko) Chrome/72.0.3626.119 Safari/537.36"
[2019-03-08T09:54:50.960] [INFO] access - ::1 - - "GET /api/v1/category/list HTTP/1.1" 200 461 "http://localhost:8080/category/list" "Mozilla/5.0 (Windows NT 10.0; Win64; x64) AppleWebKit/537.36 (KHTML, like Gecko) Chrome/72.0.3626.119 Safari/537.36"
[2019-03-08T09:54:50.961] [INFO] access - ::1 - - "GET /api/v1/category/list/0 HTTP/1.1" 200 254 "http://localhost:8080/category/list" "Mozilla/5.0 (Windows NT 10.0; Win64; x64) AppleWebKit/537.36 (KHTML, like Gecko) Chrome/72.0.3626.119 Safari/537.36"
[2019-03-08T09:55:13.829] [INFO] access - ::1 - - "GET /api/v1/category/list HTTP/1.1" 200 461 "http://localhost:8080/category/list" "Mozilla/5.0 (Windows NT 10.0; Win64; x64) AppleWebKit/537.36 (KHTML, like Gecko) Chrome/72.0.3626.119 Safari/537.36"
[2019-03-08T09:55:13.830] [INFO] access - ::1 - - "GET /api/v1/category/list/0 HTTP/1.1" 200 254 "http://localhost:8080/category/list" "Mozilla/5.0 (Windows NT 10.0; Win64; x64) AppleWebKit/537.36 (KHTML, like Gecko) Chrome/72.0.3626.119 Safari/537.36"
[2019-03-08T09:55:17.662] [INFO] access - ::1 - - "GET /api/v1/user/info HTTP/1.1" 200 114 "http://localhost:8080/category/list" "Mozilla/5.0 (Windows NT 10.0; Win64; x64) AppleWebKit/537.36 (KHTML, like Gecko) Chrome/72.0.3626.119 Safari/537.36"
[2019-03-08T09:55:17.721] [INFO] access - ::1 - - "GET /api/v1/category/list HTTP/1.1" 200 461 "http://localhost:8080/category/list" "Mozilla/5.0 (Windows NT 10.0; Win64; x64) AppleWebKit/537.36 (KHTML, like Gecko) Chrome/72.0.3626.119 Safari/537.36"
[2019-03-08T09:55:17.722] [INFO] access - ::1 - - "GET /api/v1/category/list/0 HTTP/1.1" 200 254 "http://localhost:8080/category/list" "Mozilla/5.0 (Windows NT 10.0; Win64; x64) AppleWebKit/537.36 (KHTML, like Gecko) Chrome/72.0.3626.119 Safari/537.36"
[2019-03-08T09:56:06.137] [INFO] access - ::1 - - "GET /api/v1/category/list HTTP/1.1" 200 461 "http://localhost:8080/category/list" "Mozilla/5.0 (Windows NT 10.0; Win64; x64) AppleWebKit/537.36 (KHTML, like Gecko) Chrome/72.0.3626.119 Safari/537.36"
[2019-03-08T09:56:06.138] [INFO] access - ::1 - - "GET /api/v1/category/list/0 HTTP/1.1" 200 254 "http://localhost:8080/category/list" "Mozilla/5.0 (Windows NT 10.0; Win64; x64) AppleWebKit/537.36 (KHTML, like Gecko) Chrome/72.0.3626.119 Safari/537.36"
[2019-03-08T10:00:39.402] [INFO] access - ::1 - - "GET /api/v1/category/list HTTP/1.1" 200 461 "http://localhost:8080/category/list" "Mozilla/5.0 (Windows NT 10.0; Win64; x64) AppleWebKit/537.36 (KHTML, like Gecko) Chrome/72.0.3626.119 Safari/537.36"
[2019-03-08T10:00:39.403] [INFO] access - ::1 - - "GET /api/v1/category/list/0 HTTP/1.1" 200 254 "http://localhost:8080/category/list" "Mozilla/5.0 (Windows NT 10.0; Win64; x64) AppleWebKit/537.36 (KHTML, like Gecko) Chrome/72.0.3626.119 Safari/537.36"
[2019-03-08T10:00:47.931] [INFO] access - ::1 - - "GET /api/v1/category/list/0 HTTP/1.1" 200 254 "http://localhost:8080/category/list" "Mozilla/5.0 (Windows NT 10.0; Win64; x64) AppleWebKit/537.36 (KHTML, like Gecko) Chrome/72.0.3626.119 Safari/537.36"
[2019-03-08T10:00:47.933] [INFO] access - ::1 - - "GET /api/v1/category/list HTTP/1.1" 200 461 "http://localhost:8080/category/list" "Mozilla/5.0 (Windows NT 10.0; Win64; x64) AppleWebKit/537.36 (KHTML, like Gecko) Chrome/72.0.3626.119 Safari/537.36"
[2019-03-08T10:04:20.866] [INFO] access - ::1 - - "GET /api/v1/category/list/0 HTTP/1.1" 200 254 "http://localhost:8080/category/list" "Mozilla/5.0 (Windows NT 10.0; Win64; x64) AppleWebKit/537.36 (KHTML, like Gecko) Chrome/72.0.3626.119 Safari/537.36"
[2019-03-08T10:04:20.867] [INFO] access - ::1 - - "GET /api/v1/category/list HTTP/1.1" 200 461 "http://localhost:8080/category/list" "Mozilla/5.0 (Windows NT 10.0; Win64; x64) AppleWebKit/537.36 (KHTML, like Gecko) Chrome/72.0.3626.119 Safari/537.36"
[2019-03-08T10:38:25.069] [INFO] access - ::1 - - "GET /api/v1/category/list HTTP/1.1" 200 461 "http://localhost:8080/category/list" "Mozilla/5.0 (Windows NT 10.0; Win64; x64) AppleWebKit/537.36 (KHTML, like Gecko) Chrome/72.0.3626.119 Safari/537.36"
[2019-03-08T10:38:25.070] [INFO] access - ::1 - - "GET /api/v1/category/list/0 HTTP/1.1" 200 254 "http://localhost:8080/category/list" "Mozilla/5.0 (Windows NT 10.0; Win64; x64) AppleWebKit/537.36 (KHTML, like Gecko) Chrome/72.0.3626.119 Safari/537.36"
[2019-03-08T10:38:27.961] [INFO] access - ::1 - - "GET /api/v1/category/list HTTP/1.1" 200 461 "http://localhost:8080/category/list" "Mozilla/5.0 (Windows NT 10.0; Win64; x64) AppleWebKit/537.36 (KHTML, like Gecko) Chrome/72.0.3626.119 Safari/537.36"
[2019-03-08T10:38:27.962] [INFO] access - ::1 - - "GET /api/v1/category/list/0 HTTP/1.1" 200 254 "http://localhost:8080/category/list" "Mozilla/5.0 (Windows NT 10.0; Win64; x64) AppleWebKit/537.36 (KHTML, like Gecko) Chrome/72.0.3626.119 Safari/537.36"
[2019-03-08T10:43:47.324] [INFO] access - ::1 - - "GET /api/v1/category/list/0 HTTP/1.1" 200 254 "http://localhost:8080/category/list" "Mozilla/5.0 (Windows NT 10.0; Win64; x64) AppleWebKit/537.36 (KHTML, like Gecko) Chrome/72.0.3626.119 Safari/537.36"
[2019-03-08T10:43:47.325] [INFO] access - ::1 - - "GET /api/v1/category/list HTTP/1.1" 200 461 "http://localhost:8080/category/list" "Mozilla/5.0 (Windows NT 10.0; Win64; x64) AppleWebKit/537.36 (KHTML, like Gecko) Chrome/72.0.3626.119 Safari/537.36"
[2019-03-08T10:45:41.231] [INFO] access - ::1 - - "GET /api/v1/category/list/0 HTTP/1.1" 200 254 "http://localhost:8080/category/list" "Mozilla/5.0 (Windows NT 10.0; Win64; x64) AppleWebKit/537.36 (KHTML, like Gecko) Chrome/72.0.3626.119 Safari/537.36"
[2019-03-08T10:45:41.232] [INFO] access - ::1 - - "GET /api/v1/category/list HTTP/1.1" 200 461 "http://localhost:8080/category/list" "Mozilla/5.0 (Windows NT 10.0; Win64; x64) AppleWebKit/537.36 (KHTML, like Gecko) Chrome/72.0.3626.119 Safari/537.36"
[2019-03-08T10:45:50.964] [INFO] access - ::1 - - "GET /api/v1/user/info HTTP/1.1" 200 114 "http://localhost:8080/category/list" "Mozilla/5.0 (Windows NT 10.0; Win64; x64) AppleWebKit/537.36 (KHTML, like Gecko) Chrome/72.0.3626.119 Safari/537.36"
[2019-03-08T10:45:51.031] [INFO] access - ::1 - - "GET /api/v1/category/list HTTP/1.1" 200 461 "http://localhost:8080/category/list" "Mozilla/5.0 (Windows NT 10.0; Win64; x64) AppleWebKit/537.36 (KHTML, like Gecko) Chrome/72.0.3626.119 Safari/537.36"
[2019-03-08T10:45:51.034] [INFO] access - ::1 - - "GET /api/v1/category/list/0 HTTP/1.1" 200 254 "http://localhost:8080/category/list" "Mozilla/5.0 (Windows NT 10.0; Win64; x64) AppleWebKit/537.36 (KHTML, like Gecko) Chrome/72.0.3626.119 Safari/537.36"
[2019-03-08T10:48:24.538] [INFO] access - ::1 - - "GET /api/v1/category/list/0 HTTP/1.1" 200 254 "http://localhost:8080/category/list" "Mozilla/5.0 (Windows NT 10.0; Win64; x64) AppleWebKit/537.36 (KHTML, like Gecko) Chrome/72.0.3626.119 Safari/537.36"
[2019-03-08T10:48:24.539] [INFO] access - ::1 - - "GET /api/v1/category/list HTTP/1.1" 200 461 "http://localhost:8080/category/list" "Mozilla/5.0 (Windows NT 10.0; Win64; x64) AppleWebKit/537.36 (KHTML, like Gecko) Chrome/72.0.3626.119 Safari/537.36"
[2019-03-08T10:50:24.479] [INFO] access - ::1 - - "GET /api/v1/category/list HTTP/1.1" 200 461 "http://localhost:8080/category/list" "Mozilla/5.0 (Windows NT 10.0; Win64; x64) AppleWebKit/537.36 (KHTML, like Gecko) Chrome/72.0.3626.119 Safari/537.36"
[2019-03-08T10:50:24.480] [INFO] access - ::1 - - "GET /api/v1/category/list/0 HTTP/1.1" 200 254 "http://localhost:8080/category/list" "Mozilla/5.0 (Windows NT 10.0; Win64; x64) AppleWebKit/537.36 (KHTML, like Gecko) Chrome/72.0.3626.119 Safari/537.36"
[2019-03-08T10:50:26.096] [INFO] access - ::1 - - "POST /api/v1/user/login HTTP/1.1" 200 294 "http://localhost:8080/login" "Mozilla/5.0 (Windows NT 10.0; Win64; x64) AppleWebKit/537.36 (KHTML, like Gecko) Chrome/72.0.3626.119 Safari/537.36"
[2019-03-08T10:50:26.532] [INFO] access - ::1 - - "GET /api/v1/user/info HTTP/1.1" 200 114 "http://localhost:8080/user/index" "Mozilla/5.0 (Windows NT 10.0; Win64; x64) AppleWebKit/537.36 (KHTML, like Gecko) Chrome/72.0.3626.119 Safari/537.36"
[2019-03-08T10:50:28.274] [INFO] access - ::1 - - "GET /api/v1/category/list HTTP/1.1" 200 461 "http://localhost:8080/category/list" "Mozilla/5.0 (Windows NT 10.0; Win64; x64) AppleWebKit/537.36 (KHTML, like Gecko) Chrome/72.0.3626.119 Safari/537.36"
[2019-03-08T10:50:28.275] [INFO] access - ::1 - - "GET /api/v1/category/list/0 HTTP/1.1" 200 254 "http://localhost:8080/category/list" "Mozilla/5.0 (Windows NT 10.0; Win64; x64) AppleWebKit/537.36 (KHTML, like Gecko) Chrome/72.0.3626.119 Safari/537.36"
[2019-03-08T10:56:26.070] [INFO] access - ::1 - - "GET /api/v1/category/list HTTP/1.1" 200 461 "http://localhost:8080/category/list" "Mozilla/5.0 (Windows NT 10.0; Win64; x64) AppleWebKit/537.36 (KHTML, like Gecko) Chrome/72.0.3626.119 Safari/537.36"
[2019-03-08T10:56:26.071] [INFO] access - ::1 - - "GET /api/v1/category/list/0 HTTP/1.1" 200 254 "http://localhost:8080/category/list" "Mozilla/5.0 (Windows NT 10.0; Win64; x64) AppleWebKit/537.36 (KHTML, like Gecko) Chrome/72.0.3626.119 Safari/537.36"
[2019-03-08T10:56:27.919] [INFO] access - ::1 - - "GET /api/v1/category/list HTTP/1.1" 200 461 "http://localhost:8080/category/list" "Mozilla/5.0 (Windows NT 10.0; Win64; x64) AppleWebKit/537.36 (KHTML, like Gecko) Chrome/72.0.3626.119 Safari/537.36"
[2019-03-08T10:56:27.921] [INFO] access - ::1 - - "GET /api/v1/category/list/0 HTTP/1.1" 200 254 "http://localhost:8080/category/list" "Mozilla/5.0 (Windows NT 10.0; Win64; x64) AppleWebKit/537.36 (KHTML, like Gecko) Chrome/72.0.3626.119 Safari/537.36"
[2019-03-08T10:56:59.068] [INFO] access - ::1 - - "GET /api/v1/category/list HTTP/1.1" 200 461 "http://localhost:8080/category/list" "Mozilla/5.0 (Windows NT 10.0; Win64; x64) AppleWebKit/537.36 (KHTML, like Gecko) Chrome/72.0.3626.119 Safari/537.36"
[2019-03-08T10:56:59.069] [INFO] access - ::1 - - "GET /api/v1/category/list/0 HTTP/1.1" 200 254 "http://localhost:8080/category/list" "Mozilla/5.0 (Windows NT 10.0; Win64; x64) AppleWebKit/537.36 (KHTML, like Gecko) Chrome/72.0.3626.119 Safari/537.36"
[2019-03-08T11:05:50.154] [INFO] access - ::1 - - "GET /api/v1/user/info HTTP/1.1" 200 114 "http://localhost:8080/category/list" "Mozilla/5.0 (Windows NT 10.0; Win64; x64) AppleWebKit/537.36 (KHTML, like Gecko) Chrome/72.0.3626.119 Safari/537.36"
[2019-03-08T11:05:50.219] [INFO] access - ::1 - - "GET /api/v1/category/list HTTP/1.1" 200 461 "http://localhost:8080/category/list" "Mozilla/5.0 (Windows NT 10.0; Win64; x64) AppleWebKit/537.36 (KHTML, like Gecko) Chrome/72.0.3626.119 Safari/537.36"
[2019-03-08T11:05:50.219] [INFO] access - ::1 - - "GET /api/v1/category/list/0 HTTP/1.1" 200 254 "http://localhost:8080/category/list" "Mozilla/5.0 (Windows NT 10.0; Win64; x64) AppleWebKit/537.36 (KHTML, like Gecko) Chrome/72.0.3626.119 Safari/537.36"
[2019-03-08T11:06:18.171] [INFO] access - ::1 - - "GET /api/v1/user/info HTTP/1.1" 200 114 "http://localhost:8080/category/list" "Mozilla/5.0 (Windows NT 10.0; Win64; x64) AppleWebKit/537.36 (KHTML, like Gecko) Chrome/72.0.3626.119 Safari/537.36"
[2019-03-08T11:06:18.236] [INFO] access - ::1 - - "GET /api/v1/category/list HTTP/1.1" 200 461 "http://localhost:8080/category/list" "Mozilla/5.0 (Windows NT 10.0; Win64; x64) AppleWebKit/537.36 (KHTML, like Gecko) Chrome/72.0.3626.119 Safari/537.36"
[2019-03-08T11:06:18.237] [INFO] access - ::1 - - "GET /api/v1/category/list/0 HTTP/1.1" 200 254 "http://localhost:8080/category/list" "Mozilla/5.0 (Windows NT 10.0; Win64; x64) AppleWebKit/537.36 (KHTML, like Gecko) Chrome/72.0.3626.119 Safari/537.36"
[2019-03-08T11:06:47.142] [INFO] access - ::1 - - "GET /api/v1/user/info HTTP/1.1" 200 114 "http://localhost:8080/category/list" "Mozilla/5.0 (Windows NT 10.0; Win64; x64) AppleWebKit/537.36 (KHTML, like Gecko) Chrome/72.0.3626.119 Safari/537.36"
[2019-03-08T11:06:47.221] [INFO] access - ::1 - - "GET /api/v1/category/list HTTP/1.1" 200 461 "http://localhost:8080/category/list" "Mozilla/5.0 (Windows NT 10.0; Win64; x64) AppleWebKit/537.36 (KHTML, like Gecko) Chrome/72.0.3626.119 Safari/537.36"
[2019-03-08T11:06:47.222] [INFO] access - ::1 - - "GET /api/v1/category/list/0 HTTP/1.1" 200 254 "http://localhost:8080/category/list" "Mozilla/5.0 (Windows NT 10.0; Win64; x64) AppleWebKit/537.36 (KHTML, like Gecko) Chrome/72.0.3626.119 Safari/537.36"
[2019-03-08T11:09:13.765] [INFO] access - ::1 - - "GET /api/v1/user/info HTTP/1.1" 200 114 "http://localhost:8080/category/list" "Mozilla/5.0 (Windows NT 10.0; Win64; x64) AppleWebKit/537.36 (KHTML, like Gecko) Chrome/72.0.3626.119 Safari/537.36"
[2019-03-08T11:09:13.847] [INFO] access - ::1 - - "GET /api/v1/category/list HTTP/1.1" 200 461 "http://localhost:8080/category/list" "Mozilla/5.0 (Windows NT 10.0; Win64; x64) AppleWebKit/537.36 (KHTML, like Gecko) Chrome/72.0.3626.119 Safari/537.36"
[2019-03-08T11:09:13.848] [INFO] access - ::1 - - "GET /api/v1/category/list/0 HTTP/1.1" 200 254 "http://localhost:8080/category/list" "Mozilla/5.0 (Windows NT 10.0; Win64; x64) AppleWebKit/537.36 (KHTML, like Gecko) Chrome/72.0.3626.119 Safari/537.36"
[2019-03-08T11:10:11.001] [INFO] access - ::1 - - "GET /api/v1/user/info HTTP/1.1" 200 114 "http://localhost:8080/category/list" "Mozilla/5.0 (Windows NT 10.0; Win64; x64) AppleWebKit/537.36 (KHTML, like Gecko) Chrome/72.0.3626.119 Safari/537.36"
[2019-03-08T11:10:11.084] [INFO] access - ::1 - - "GET /api/v1/category/list HTTP/1.1" 200 461 "http://localhost:8080/category/list" "Mozilla/5.0 (Windows NT 10.0; Win64; x64) AppleWebKit/537.36 (KHTML, like Gecko) Chrome/72.0.3626.119 Safari/537.36"
[2019-03-08T11:10:11.084] [INFO] access - ::1 - - "GET /api/v1/category/list/0 HTTP/1.1" 200 254 "http://localhost:8080/category/list" "Mozilla/5.0 (Windows NT 10.0; Win64; x64) AppleWebKit/537.36 (KHTML, like Gecko) Chrome/72.0.3626.119 Safari/537.36"
[2019-03-08T11:10:22.510] [INFO] access - ::1 - - "GET /api/v1/category/list HTTP/1.1" 200 461 "http://localhost:8080/category/list" "Mozilla/5.0 (Windows NT 10.0; Win64; x64) AppleWebKit/537.36 (KHTML, like Gecko) Chrome/72.0.3626.119 Safari/537.36"
[2019-03-08T11:10:22.511] [INFO] access - ::1 - - "GET /api/v1/category/list/0 HTTP/1.1" 200 254 "http://localhost:8080/category/list" "Mozilla/5.0 (Windows NT 10.0; Win64; x64) AppleWebKit/537.36 (KHTML, like Gecko) Chrome/72.0.3626.119 Safari/537.36"
[2019-03-08T11:10:44.176] [INFO] access - ::1 - - "GET /api/v1/user/list HTTP/1.1" 200 2122 "http://localhost:8080/picture/list" "Mozilla/5.0 (Windows NT 10.0; Win64; x64) AppleWebKit/537.36 (KHTML, like Gecko) Chrome/72.0.3626.119 Safari/537.36"
[2019-03-08T11:11:20.146] [INFO] access - ::1 - - "GET /api/v1/user/info HTTP/1.1" 200 114 "http://localhost:8080/picture/list" "Mozilla/5.0 (Windows NT 10.0; Win64; x64) AppleWebKit/537.36 (KHTML, like Gecko) Chrome/72.0.3626.119 Safari/537.36"
[2019-03-08T11:11:20.275] [INFO] access - ::1 - - "GET /api/v1/user/list HTTP/1.1" 200 2122 "http://localhost:8080/picture/list" "Mozilla/5.0 (Windows NT 10.0; Win64; x64) AppleWebKit/537.36 (KHTML, like Gecko) Chrome/72.0.3626.119 Safari/537.36"
[2019-03-08T11:11:40.092] [INFO] access - ::1 - - "GET /api/v1/user/list HTTP/1.1" 200 2122 "http://localhost:8080/filemanager/list" "Mozilla/5.0 (Windows NT 10.0; Win64; x64) AppleWebKit/537.36 (KHTML, like Gecko) Chrome/72.0.3626.119 Safari/537.36"
[2019-03-08T11:11:40.755] [INFO] access - ::1 - - "GET /api/v1/user/list HTTP/1.1" 200 2122 "http://localhost:8080/picture/list" "Mozilla/5.0 (Windows NT 10.0; Win64; x64) AppleWebKit/537.36 (KHTML, like Gecko) Chrome/72.0.3626.119 Safari/537.36"
[2019-03-08T11:11:43.145] [INFO] access - ::1 - - "GET /api/v1/user/list HTTP/1.1" 200 2122 "http://localhost:8080/product/list" "Mozilla/5.0 (Windows NT 10.0; Win64; x64) AppleWebKit/537.36 (KHTML, like Gecko) Chrome/72.0.3626.119 Safari/537.36"
[2019-03-08T11:11:44.615] [INFO] access - ::1 - - "GET /api/v1/user/adminlist HTTP/1.1" 200 2565 "http://localhost:8080/user/admin" "Mozilla/5.0 (Windows NT 10.0; Win64; x64) AppleWebKit/537.36 (KHTML, like Gecko) Chrome/72.0.3626.119 Safari/537.36"
[2019-03-08T11:11:45.088] [INFO] access - ::1 - - "GET /api/v1/user/list HTTP/1.1" 200 2122 "http://localhost:8080/user/user" "Mozilla/5.0 (Windows NT 10.0; Win64; x64) AppleWebKit/537.36 (KHTML, like Gecko) Chrome/72.0.3626.119 Safari/537.36"
[2019-03-08T11:11:46.453] [INFO] access - ::1 - - "GET /api/v1/article/list HTTP/1.1" 200 542 "http://localhost:8080/article/list" "Mozilla/5.0 (Windows NT 10.0; Win64; x64) AppleWebKit/537.36 (KHTML, like Gecko) Chrome/72.0.3626.119 Safari/537.36"
[2019-03-08T11:11:50.581] [INFO] access - ::1 - - "GET /api/v1/user/list HTTP/1.1" 200 2122 "http://localhost:8080/picture/list" "Mozilla/5.0 (Windows NT 10.0; Win64; x64) AppleWebKit/537.36 (KHTML, like Gecko) Chrome/72.0.3626.119 Safari/537.36"
[2019-03-08T11:11:51.379] [INFO] access - ::1 - - "GET /api/v1/user/list HTTP/1.1" 200 2122 "http://localhost:8080/filemanager/list" "Mozilla/5.0 (Windows NT 10.0; Win64; x64) AppleWebKit/537.36 (KHTML, like Gecko) Chrome/72.0.3626.119 Safari/537.36"
[2019-03-08T11:12:20.387] [INFO] access - ::1 - - "GET /api/v1/article/list HTTP/1.1" 200 542 "http://localhost:8080/article/list" "Mozilla/5.0 (Windows NT 10.0; Win64; x64) AppleWebKit/537.36 (KHTML, like Gecko) Chrome/72.0.3626.119 Safari/537.36"
[2019-03-08T11:13:06.877] [INFO] access - ::1 - - "GET /api/v1/article/list HTTP/1.1" 200 542 "http://localhost:8080/article/list" "Mozilla/5.0 (Windows NT 10.0; Win64; x64) AppleWebKit/537.36 (KHTML, like Gecko) Chrome/72.0.3626.119 Safari/537.36"
[2019-03-08T11:13:11.307] [INFO] access - ::1 - - "GET /api/v1/category/list HTTP/1.1" 200 461 "http://localhost:8080/category/list" "Mozilla/5.0 (Windows NT 10.0; Win64; x64) AppleWebKit/537.36 (KHTML, like Gecko) Chrome/72.0.3626.119 Safari/537.36"
[2019-03-08T11:13:11.307] [INFO] access - ::1 - - "GET /api/v1/category/list/0 HTTP/1.1" 200 254 "http://localhost:8080/category/list" "Mozilla/5.0 (Windows NT 10.0; Win64; x64) AppleWebKit/537.36 (KHTML, like Gecko) Chrome/72.0.3626.119 Safari/537.36"
[2019-03-08T11:13:12.552] [INFO] access - ::1 - - "GET /api/v1/category/list HTTP/1.1" 200 461 "http://localhost:8080/category/list" "Mozilla/5.0 (Windows NT 10.0; Win64; x64) AppleWebKit/537.36 (KHTML, like Gecko) Chrome/72.0.3626.119 Safari/537.36"
[2019-03-08T11:13:12.553] [INFO] access - ::1 - - "GET /api/v1/category/list/0 HTTP/1.1" 200 254 "http://localhost:8080/category/list" "Mozilla/5.0 (Windows NT 10.0; Win64; x64) AppleWebKit/537.36 (KHTML, like Gecko) Chrome/72.0.3626.119 Safari/537.36"
[2019-03-08T11:13:19.357] [INFO] access - ::1 - - "GET /api/v1/user/list HTTP/1.1" 200 2122 "http://localhost:8080/product/list" "Mozilla/5.0 (Windows NT 10.0; Win64; x64) AppleWebKit/537.36 (KHTML, like Gecko) Chrome/72.0.3626.119 Safari/537.36"
[2019-03-08T11:15:43.123] [INFO] access - ::1 - - "GET /api/v1/category/list HTTP/1.1" 200 461 "http://localhost:8080/category/list" "Mozilla/5.0 (Windows NT 10.0; Win64; x64) AppleWebKit/537.36 (KHTML, like Gecko) Chrome/72.0.3626.119 Safari/537.36"
[2019-03-08T11:15:43.124] [INFO] access - ::1 - - "GET /api/v1/category/list/0 HTTP/1.1" 200 254 "http://localhost:8080/category/list" "Mozilla/5.0 (Windows NT 10.0; Win64; x64) AppleWebKit/537.36 (KHTML, like Gecko) Chrome/72.0.3626.119 Safari/537.36"
[2019-03-08T11:15:46.267] [INFO] access - ::1 - - "GET /api/v1/user/list HTTP/1.1" 200 2122 "http://localhost:8080/product/list" "Mozilla/5.0 (Windows NT 10.0; Win64; x64) AppleWebKit/537.36 (KHTML, like Gecko) Chrome/72.0.3626.119 Safari/537.36"
[2019-03-08T11:21:00.603] [INFO] access - ::1 - - "GET /api/v1/user/list HTTP/1.1" 200 2122 "http://localhost:8080/user/user" "Mozilla/5.0 (Windows NT 10.0; Win64; x64) AppleWebKit/537.36 (KHTML, like Gecko) Chrome/72.0.3626.119 Safari/537.36"
[2019-03-08T11:21:01.136] [INFO] access - ::1 - - "GET /api/v1/article/list HTTP/1.1" 200 542 "http://localhost:8080/article/list" "Mozilla/5.0 (Windows NT 10.0; Win64; x64) AppleWebKit/537.36 (KHTML, like Gecko) Chrome/72.0.3626.119 Safari/537.36"
[2019-03-08T11:21:03.235] [INFO] access - ::1 - - "GET /api/v1/article/list HTTP/1.1" 200 542 "http://localhost:8080/article/list" "Mozilla/5.0 (Windows NT 10.0; Win64; x64) AppleWebKit/537.36 (KHTML, like Gecko) Chrome/72.0.3626.119 Safari/537.36"
[2019-03-08T11:24:03.432] [INFO] access - ::1 - - "GET /api/v1/category/list HTTP/1.1" 200 461 "http://localhost:8080/category/list" "Mozilla/5.0 (Windows NT 10.0; Win64; x64) AppleWebKit/537.36 (KHTML, like Gecko) Chrome/72.0.3626.119 Safari/537.36"
[2019-03-08T11:24:03.432] [INFO] access - ::1 - - "GET /api/v1/category/list/0 HTTP/1.1" 200 254 "http://localhost:8080/category/list" "Mozilla/5.0 (Windows NT 10.0; Win64; x64) AppleWebKit/537.36 (KHTML, like Gecko) Chrome/72.0.3626.119 Safari/537.36"
[2019-03-08T11:24:04.356] [INFO] access - ::1 - - "GET /api/v1/user/list HTTP/1.1" 200 2122 "http://localhost:8080/product/list" "Mozilla/5.0 (Windows NT 10.0; Win64; x64) AppleWebKit/537.36 (KHTML, like Gecko) Chrome/72.0.3626.119 Safari/537.36"
[2019-03-08T11:24:07.941] [INFO] access - ::1 - - "GET /api/v1/user/list HTTP/1.1" 200 2122 "http://localhost:8080/picture/list" "Mozilla/5.0 (Windows NT 10.0; Win64; x64) AppleWebKit/537.36 (KHTML, like Gecko) Chrome/72.0.3626.119 Safari/537.36"
[2019-03-08T11:25:25.458] [INFO] access - ::1 - - "GET /api/v1/category/list HTTP/1.1" 200 461 "http://localhost:8080/category/list" "Mozilla/5.0 (Windows NT 10.0; Win64; x64) AppleWebKit/537.36 (KHTML, like Gecko) Chrome/72.0.3626.119 Safari/537.36"
[2019-03-08T11:25:25.459] [INFO] access - ::1 - - "GET /api/v1/category/list/0 HTTP/1.1" 200 254 "http://localhost:8080/category/list" "Mozilla/5.0 (Windows NT 10.0; Win64; x64) AppleWebKit/537.36 (KHTML, like Gecko) Chrome/72.0.3626.119 Safari/537.36"
[2019-03-08T11:25:26.748] [INFO] access - ::1 - - "GET /api/v1/user/list HTTP/1.1" 200 2122 "http://localhost:8080/product/list" "Mozilla/5.0 (Windows NT 10.0; Win64; x64) AppleWebKit/537.36 (KHTML, like Gecko) Chrome/72.0.3626.119 Safari/537.36"
[2019-03-08T14:31:08.441] [INFO] access - ::1 - - "GET /api/v1/article/list HTTP/1.1" 200 542 "http://localhost:8080/article/list" "Mozilla/5.0 (Windows NT 10.0; Win64; x64) AppleWebKit/537.36 (KHTML, like Gecko) Chrome/72.0.3626.119 Safari/537.36"
[2019-03-08T14:31:09.783] [INFO] access - ::1 - - "GET /api/v1/article/list HTTP/1.1" 200 542 "http://localhost:8080/article/list" "Mozilla/5.0 (Windows NT 10.0; Win64; x64) AppleWebKit/537.36 (KHTML, like Gecko) Chrome/72.0.3626.119 Safari/537.36"
[2019-03-08T14:31:11.015] [INFO] access - ::1 - - "GET /api/v1/category/list HTTP/1.1" 200 461 "http://localhost:8080/category/list" "Mozilla/5.0 (Windows NT 10.0; Win64; x64) AppleWebKit/537.36 (KHTML, like Gecko) Chrome/72.0.3626.119 Safari/537.36"
[2019-03-08T14:31:11.016] [INFO] access - ::1 - - "GET /api/v1/category/list/0 HTTP/1.1" 200 254 "http://localhost:8080/category/list" "Mozilla/5.0 (Windows NT 10.0; Win64; x64) AppleWebKit/537.36 (KHTML, like Gecko) Chrome/72.0.3626.119 Safari/537.36"
[2019-03-08T14:55:56.253] [INFO] access - ::1 - - "POST /api/v1/user/login HTTP/1.1" 200 294 "http://localhost:8080/login" "Mozilla/5.0 (Windows NT 10.0; Win64; x64) AppleWebKit/537.36 (KHTML, like Gecko) Chrome/72.0.3626.119 Safari/537.36"
[2019-03-08T14:55:57.131] [INFO] access - ::1 - - "GET /api/v1/user/info HTTP/1.1" 200 114 "http://localhost:8080/user/index" "Mozilla/5.0 (Windows NT 10.0; Win64; x64) AppleWebKit/537.36 (KHTML, like Gecko) Chrome/72.0.3626.119 Safari/537.36"
[2019-03-08T14:56:01.334] [INFO] access - ::1 - - "GET /api/v1/user/list HTTP/1.1" 200 2122 "http://localhost:8080/filemanager/list" "Mozilla/5.0 (Windows NT 10.0; Win64; x64) AppleWebKit/537.36 (KHTML, like Gecko) Chrome/72.0.3626.119 Safari/537.36"
[2019-03-08T14:57:39.412] [INFO] access - ::1 - - "GET /api/v1/user/list HTTP/1.1" 200 2122 "http://localhost:8080/filemanager/list" "Mozilla/5.0 (Windows NT 10.0; Win64; x64) AppleWebKit/537.36 (KHTML, like Gecko) Chrome/72.0.3626.119 Safari/537.36"
[2019-03-08T15:00:20.232] [INFO] access - ::1 - - "GET /api/v1/user/info HTTP/1.1" 200 114 "http://localhost:8080/filemanager/list" "Mozilla/5.0 (Windows NT 10.0; Win64; x64) AppleWebKit/537.36 (KHTML, like Gecko) Chrome/72.0.3626.119 Safari/537.36"
[2019-03-08T15:00:20.340] [INFO] access - ::1 - - "GET /api/v1/user/list HTTP/1.1" 200 2122 "http://localhost:8080/filemanager/list" "Mozilla/5.0 (Windows NT 10.0; Win64; x64) AppleWebKit/537.36 (KHTML, like Gecko) Chrome/72.0.3626.119 Safari/537.36"
